2025-06-28 18:27:07,661 - Startup - INFO - æ­£åœ¨å¯åŠ¨å…¬å…±è‰ºæœ¯RAGåç«¯æœåŠ¡...
2025-06-28 18:27:07,661 - Startup - INFO - æ‰€æœ‰ä¾èµ–æ£€æŸ¥é€šè¿‡
2025-06-28 18:27:25,216 - Startup - ERROR - å¯åŠ¨æœåŠ¡æ—¶å‡ºé”™: 'Flask' object has no attribute 'before_first_request'
2025-06-28 18:27:25,218 - Startup - ERROR - Traceback (most recent call last):
  File "C:\Users\Lenovo\Desktop\å¾®è°ƒå¤§æ¨¡å‹\qwen-rag-lora\backend\start_server.py", line 64, in main
    from app import app
  File "C:\Users\Lenovo\Desktop\å¾®è°ƒå¤§æ¨¡å‹\qwen-rag-lora\backend\app.py", line 29, in <module>
    @app.before_first_request
     ^^^^^^^^^^^^^^^^^^^^^^^^
AttributeError: 'Flask' object has no attribute 'before_first_request'. Did you mean: '_got_first_request'?

2025-06-28 18:31:26,123 - Startup - INFO - æ­£åœ¨å¯åŠ¨å…¬å…±è‰ºæœ¯RAGåç«¯æœåŠ¡...
2025-06-28 18:31:26,124 - Startup - INFO - æ‰€æœ‰ä¾èµ–æ£€æŸ¥é€šè¿‡
2025-06-28 18:31:29,391 - Backend_API - INFO - æ­£åœ¨åˆå§‹åŒ–åç«¯ç³»ç»Ÿ...
2025-06-28 18:31:29,554 - RAG_Enhanced_Chat - INFO - Ollamaæ¨¡å‹ 'deepseek-r1:1.5b' å·²å®‰è£…
2025-06-28 18:31:29,554 - RAG_Enhanced_Chat - ERROR - å‘é‡æ•°æ®åº“ç›®å½•ä¸å­˜åœ¨æˆ–ä¸ºç©º: chroma_db_deepseek_1.5b
2025-06-28 18:31:29,555 - RAG_Enhanced_Chat - ERROR - è¯·å…ˆåˆ›å»ºå‘é‡æ•°æ®åº“
2025-06-28 18:32:10,002 - Startup - INFO - æ­£åœ¨å¯åŠ¨å…¬å…±è‰ºæœ¯RAGåç«¯æœåŠ¡...
2025-06-28 18:32:10,003 - Startup - INFO - æ‰€æœ‰ä¾èµ–æ£€æŸ¥é€šè¿‡
2025-06-28 18:32:13,140 - Backend_API - INFO - æ­£åœ¨åˆå§‹åŒ–åç«¯ç³»ç»Ÿ...
2025-06-28 18:32:13,218 - RAG_Enhanced_Chat - INFO - Ollamaæ¨¡å‹ 'deepseek-r1:1.5b' å·²å®‰è£…
2025-06-28 18:32:13,219 - RAG_Enhanced_Chat - INFO - æ­£åœ¨åŠ è½½åµŒå…¥æ¨¡å‹å’Œå‘é‡æ•°æ®åº“...
2025-06-28 18:32:13,788 - chromadb.telemetry.product.posthog - INFO - Anonymized telemetry enabled. See                     https://docs.trychroma.com/telemetry for more information.
2025-06-28 18:32:14,147 - Backend_API - ERROR - ç³»ç»Ÿåˆå§‹åŒ–å¤±è´¥: Error executing plan: Error sending backfill request to compactor: Error constructing hnsw segment reader: Error creating hnsw segment reader: Error loading hnsw index
2025-06-28 18:32:14,161 - Backend_API - ERROR - Traceback (most recent call last):
  File "C:\Users\Lenovo\Desktop\å¾®è°ƒå¤§æ¨¡å‹\qwen-rag-lora\backend\app.py", line 34, in initialize_backend
    system_components = initialize_system()
                        ^^^^^^^^^^^^^^^^^^^
  File "C:\Users\Lenovo\Desktop\å¾®è°ƒå¤§æ¨¡å‹\qwen-rag-lora\ç»„åˆ5.py", line 110, in initialize_system
    logger.info(f"å‘é‡æ•°æ®åº“åŠ è½½æˆåŠŸï¼ŒåŒ…å« {vector_store._collection.count()} ä¸ªæ–‡æ¡£")
                                            ^^^^^^^^^^^^^^^^^^^^^^^^^^^^^^^^
  File "C:\Users\Lenovo\AppData\Local\Programs\Python\Python312\Lib\site-packages\chromadb\api\models\Collection.py", line 39, in count
    return self._client._count(
           ^^^^^^^^^^^^^^^^^^^^
  File "C:\Users\Lenovo\AppData\Local\Programs\Python\Python312\Lib\site-packages\chromadb\api\rust.py", line 327, in _count
    return self.bindings.count(str(collection_id), tenant, database)
           ^^^^^^^^^^^^^^^^^^^^^^^^^^^^^^^^^^^^^^^^^^^^^^^^^^^^^^^^^
chromadb.errors.InternalError: Error executing plan: Error sending backfill request to compactor: Error constructing hnsw segment reader: Error creating hnsw segment reader: Error loading hnsw index

2025-06-28 18:32:14,162 - Startup - INFO - åç«¯æœåŠ¡å¯åŠ¨æˆåŠŸ
2025-06-28 18:32:14,162 - Startup - INFO - æœåŠ¡åœ°å€: http://localhost:5000
2025-06-28 18:32:14,162 - Startup - INFO - APIæ–‡æ¡£:
2025-06-28 18:32:14,162 - Startup - INFO -   - POST /api/chat - èŠå¤©æ¥å£
2025-06-28 18:32:14,162 - Startup - INFO -   - GET  /api/health - å¥åº·æ£€æŸ¥
2025-06-28 18:32:14,162 - Startup - INFO -   - POST /api/clear-history - æ¸…ç©ºå†å²
2025-06-28 18:32:14,162 - Startup - INFO -   - GET  /api/history - è·å–å†å²
2025-06-28 18:32:15,439 - werkzeug - INFO - [31m[1mWARNING: This is a development server. Do not use it in a production deployment. Use a production WSGI server instead.[0m
 * Running on all addresses (0.0.0.0)
 * Running on http://127.0.0.1:5000
 * Running on http://10.203.168.35:5000
2025-06-28 18:32:15,440 - werkzeug - INFO - [33mPress CTRL+C to quit[0m
2025-06-28 18:32:25,847 - werkzeug - INFO - 127.0.0.1 - - [28/Jun/2025 18:32:25] "OPTIONS /api/chat HTTP/1.1" 200 -
2025-06-28 18:32:26,110 - werkzeug - INFO - 127.0.0.1 - - [28/Jun/2025 18:32:26] "[35m[1mPOST /api/chat HTTP/1.1[0m" 503 -
2025-06-28 18:40:07,644 - Startup - INFO - æ­£åœ¨å¯åŠ¨å…¬å…±è‰ºæœ¯RAGåç«¯æœåŠ¡...
2025-06-28 18:40:07,644 - Startup - INFO - æ‰€æœ‰ä¾èµ–æ£€æŸ¥é€šè¿‡
2025-06-28 18:40:11,035 - Backend_API - INFO - æ­£åœ¨åˆå§‹åŒ–åç«¯ç³»ç»Ÿ...
2025-06-28 18:40:11,143 - RAG_Enhanced_Chat - INFO - Ollamaæ¨¡å‹ 'deepseek-r1:1.5b' å·²å®‰è£…
2025-06-28 18:40:11,143 - RAG_Enhanced_Chat - INFO - æ­£åœ¨åŠ è½½åµŒå…¥æ¨¡å‹å’Œå‘é‡æ•°æ®åº“...
2025-06-28 18:40:11,425 - chromadb.telemetry.product.posthog - INFO - Anonymized telemetry enabled. See                     https://docs.trychroma.com/telemetry for more information.
2025-06-28 18:40:11,521 - RAG_Enhanced_Chat - INFO - å‘é‡æ•°æ®åº“åŠ è½½æˆåŠŸï¼ŒåŒ…å« 0 ä¸ªæ–‡æ¡£
2025-06-28 18:40:11,521 - RAG_Enhanced_Chat - INFO - æ­£åœ¨åŠ è½½å¾®è°ƒæ¨¡å‹: C:\Users\Lenovo\Desktop\å¾®è°ƒå¤§æ¨¡å‹\qwen-rag-lora\models\Qwen3-8B-optimized
2025-06-28 18:40:11,662 - Backend_API - ERROR - ç³»ç»Ÿåˆå§‹åŒ–å¤±è´¥: Can't load the configuration of 'models\Qwen3-8B'. If you were trying to load it from 'https://huggingface.co/models', make sure you don't have a local directory with the same name. Otherwise, make sure 'models\Qwen3-8B' is the correct path to a directory containing a config.json file
2025-06-28 18:40:11,696 - Backend_API - ERROR - Traceback (most recent call last):
  File "C:\Users\Lenovo\AppData\Local\Programs\Python\Python312\Lib\site-packages\transformers\utils\hub.py", line 470, in cached_files
    hf_hub_download(
  File "C:\Users\Lenovo\AppData\Local\Programs\Python\Python312\Lib\site-packages\huggingface_hub\utils\_validators.py", line 106, in _inner_fn
    validate_repo_id(arg_value)
  File "C:\Users\Lenovo\AppData\Local\Programs\Python\Python312\Lib\site-packages\huggingface_hub\utils\_validators.py", line 160, in validate_repo_id
    raise HFValidationError(
huggingface_hub.errors.HFValidationError: Repo id must use alphanumeric chars or '-', '_', '.', '--' and '..' are forbidden, '-' and '.' cannot start or end the name, max length is 96: 'models\Qwen3-8B'.

During handling of the above exception, another exception occurred:

Traceback (most recent call last):
  File "C:\Users\Lenovo\AppData\Local\Programs\Python\Python312\Lib\site-packages\transformers\configuration_utils.py", line 654, in _get_config_dict
    resolved_config_file = cached_file(
                           ^^^^^^^^^^^^
  File "C:\Users\Lenovo\AppData\Local\Programs\Python\Python312\Lib\site-packages\transformers\utils\hub.py", line 312, in cached_file
    file = cached_files(path_or_repo_id=path_or_repo_id, filenames=[filename], **kwargs)
           ^^^^^^^^^^^^^^^^^^^^^^^^^^^^^^^^^^^^^^^^^^^^^^^^^^^^^^^^^^^^^^^^^^^^^^^^^^^^^
  File "C:\Users\Lenovo\AppData\Local\Programs\Python\Python312\Lib\site-packages\transformers\utils\hub.py", line 523, in cached_files
    _get_cache_file_to_return(path_or_repo_id, filename, cache_dir, revision) for filename in full_filenames
    ^^^^^^^^^^^^^^^^^^^^^^^^^^^^^^^^^^^^^^^^^^^^^^^^^^^^^^^^^^^^^^^^^^^^^^^^^
  File "C:\Users\Lenovo\AppData\Local\Programs\Python\Python312\Lib\site-packages\transformers\utils\hub.py", line 140, in _get_cache_file_to_return
    resolved_file = try_to_load_from_cache(path_or_repo_id, full_filename, cache_dir=cache_dir, revision=revision)
                    ^^^^^^^^^^^^^^^^^^^^^^^^^^^^^^^^^^^^^^^^^^^^^^^^^^^^^^^^^^^^^^^^^^^^^^^^^^^^^^^^^^^^^^^^^^^^^^
  File "C:\Users\Lenovo\AppData\Local\Programs\Python\Python312\Lib\site-packages\huggingface_hub\utils\_validators.py", line 106, in _inner_fn
    validate_repo_id(arg_value)
  File "C:\Users\Lenovo\AppData\Local\Programs\Python\Python312\Lib\site-packages\huggingface_hub\utils\_validators.py", line 160, in validate_repo_id
    raise HFValidationError(
huggingface_hub.errors.HFValidationError: Repo id must use alphanumeric chars or '-', '_', '.', '--' and '..' are forbidden, '-' and '.' cannot start or end the name, max length is 96: 'models\Qwen3-8B'.

During handling of the above exception, another exception occurred:

Traceback (most recent call last):
  File "C:\Users\Lenovo\Desktop\å¾®è°ƒå¤§æ¨¡å‹\qwen-rag-lora\backend\app.py", line 34, in initialize_backend
    system_components = initialize_system()
                        ^^^^^^^^^^^^^^^^^^^
  File "C:\Users\Lenovo\Desktop\å¾®è°ƒå¤§æ¨¡å‹\qwen-rag-lora\ç»„åˆ5.py", line 123, in initialize_system
    model = AutoModelForCausalLM.from_pretrained(
            ^^^^^^^^^^^^^^^^^^^^^^^^^^^^^^^^^^^^^
  File "C:\Users\Lenovo\AppData\Local\Programs\Python\Python312\Lib\site-packages\transformers\models\auto\auto_factory.py", line 531, in from_pretrained
    config, kwargs = AutoConfig.from_pretrained(
                     ^^^^^^^^^^^^^^^^^^^^^^^^^^^
  File "C:\Users\Lenovo\AppData\Local\Programs\Python\Python312\Lib\site-packages\transformers\models\auto\configuration_auto.py", line 1153, in from_pretrained
    config_dict, unused_kwargs = PretrainedConfig.get_config_dict(pretrained_model_name_or_path, **kwargs)
                                 ^^^^^^^^^^^^^^^^^^^^^^^^^^^^^^^^^^^^^^^^^^^^^^^^^^^^^^^^^^^^^^^^^^^^^^^^^
  File "C:\Users\Lenovo\AppData\Local\Programs\Python\Python312\Lib\site-packages\transformers\configuration_utils.py", line 595, in get_config_dict
    config_dict, kwargs = cls._get_config_dict(pretrained_model_name_or_path, **kwargs)
                          ^^^^^^^^^^^^^^^^^^^^^^^^^^^^^^^^^^^^^^^^^^^^^^^^^^^^^^^^^^^^^
  File "C:\Users\Lenovo\AppData\Local\Programs\Python\Python312\Lib\site-packages\transformers\configuration_utils.py", line 677, in _get_config_dict
    raise OSError(
OSError: Can't load the configuration of 'models\Qwen3-8B'. If you were trying to load it from 'https://huggingface.co/models', make sure you don't have a local directory with the same name. Otherwise, make sure 'models\Qwen3-8B' is the correct path to a directory containing a config.json file

2025-06-28 18:40:11,706 - Startup - INFO - åç«¯æœåŠ¡å¯åŠ¨æˆåŠŸ
2025-06-28 18:40:11,706 - Startup - INFO - æœåŠ¡åœ°å€: http://localhost:5000
2025-06-28 18:40:11,706 - Startup - INFO - APIæ–‡æ¡£:
2025-06-28 18:40:11,706 - Startup - INFO -   - POST /api/chat - èŠå¤©æ¥å£
2025-06-28 18:40:11,706 - Startup - INFO -   - GET  /api/health - å¥åº·æ£€æŸ¥
2025-06-28 18:40:11,707 - Startup - INFO -   - POST /api/clear-history - æ¸…ç©ºå†å²
2025-06-28 18:40:11,707 - Startup - INFO -   - GET  /api/history - è·å–å†å²
2025-06-28 18:40:12,961 - werkzeug - INFO - [31m[1mWARNING: This is a development server. Do not use it in a production deployment. Use a production WSGI server instead.[0m
 * Running on all addresses (0.0.0.0)
 * Running on http://127.0.0.1:5000
 * Running on http://10.203.168.35:5000
2025-06-28 18:40:12,961 - werkzeug - INFO - [33mPress CTRL+C to quit[0m
2025-06-28 18:45:19,458 - Startup - INFO - æ­£åœ¨å¯åŠ¨å…¬å…±è‰ºæœ¯RAGåç«¯æœåŠ¡...
2025-06-28 18:45:19,458 - Startup - INFO - æ‰€æœ‰ä¾èµ–æ£€æŸ¥é€šè¿‡
2025-06-28 18:45:22,657 - Backend_API - INFO - æ­£åœ¨åˆå§‹åŒ–åç«¯ç³»ç»Ÿ...
2025-06-28 18:45:22,742 - RAG_Enhanced_Chat - INFO - Ollamaæ¨¡å‹ 'deepseek-r1:1.5b' å·²å®‰è£…
2025-06-28 18:45:22,742 - RAG_Enhanced_Chat - INFO - æ­£åœ¨åŠ è½½åµŒå…¥æ¨¡å‹å’Œå‘é‡æ•°æ®åº“...
2025-06-28 18:45:23,012 - chromadb.telemetry.product.posthog - INFO - Anonymized telemetry enabled. See                     https://docs.trychroma.com/telemetry for more information.
2025-06-28 18:45:23,095 - RAG_Enhanced_Chat - INFO - å‘é‡æ•°æ®åº“åŠ è½½æˆåŠŸï¼ŒåŒ…å« 0 ä¸ªæ–‡æ¡£
2025-06-28 18:45:23,096 - RAG_Enhanced_Chat - INFO - æ­£åœ¨åŠ è½½å¾®è°ƒæ¨¡å‹: C:\Users\Lenovo\Desktop\å¾®è°ƒå¤§æ¨¡å‹\qwen-rag-lora\models\Qwen3-8B-optimized
2025-06-28 18:45:23,219 - Backend_API - ERROR - ç³»ç»Ÿåˆå§‹åŒ–å¤±è´¥: Can't load the configuration of 'models\Qwen3-8B'. If you were trying to load it from 'https://huggingface.co/models', make sure you don't have a local directory with the same name. Otherwise, make sure 'models\Qwen3-8B' is the correct path to a directory containing a config.json file
2025-06-28 18:45:23,221 - Backend_API - ERROR - Traceback (most recent call last):
  File "C:\Users\Lenovo\AppData\Local\Programs\Python\Python312\Lib\site-packages\transformers\utils\hub.py", line 470, in cached_files
    hf_hub_download(
  File "C:\Users\Lenovo\AppData\Local\Programs\Python\Python312\Lib\site-packages\huggingface_hub\utils\_validators.py", line 106, in _inner_fn
    validate_repo_id(arg_value)
  File "C:\Users\Lenovo\AppData\Local\Programs\Python\Python312\Lib\site-packages\huggingface_hub\utils\_validators.py", line 160, in validate_repo_id
    raise HFValidationError(
huggingface_hub.errors.HFValidationError: Repo id must use alphanumeric chars or '-', '_', '.', '--' and '..' are forbidden, '-' and '.' cannot start or end the name, max length is 96: 'models\Qwen3-8B'.

During handling of the above exception, another exception occurred:

Traceback (most recent call last):
  File "C:\Users\Lenovo\AppData\Local\Programs\Python\Python312\Lib\site-packages\transformers\configuration_utils.py", line 654, in _get_config_dict
    resolved_config_file = cached_file(
                           ^^^^^^^^^^^^
  File "C:\Users\Lenovo\AppData\Local\Programs\Python\Python312\Lib\site-packages\transformers\utils\hub.py", line 312, in cached_file
    file = cached_files(path_or_repo_id=path_or_repo_id, filenames=[filename], **kwargs)
           ^^^^^^^^^^^^^^^^^^^^^^^^^^^^^^^^^^^^^^^^^^^^^^^^^^^^^^^^^^^^^^^^^^^^^^^^^^^^^
  File "C:\Users\Lenovo\AppData\Local\Programs\Python\Python312\Lib\site-packages\transformers\utils\hub.py", line 523, in cached_files
    _get_cache_file_to_return(path_or_repo_id, filename, cache_dir, revision) for filename in full_filenames
    ^^^^^^^^^^^^^^^^^^^^^^^^^^^^^^^^^^^^^^^^^^^^^^^^^^^^^^^^^^^^^^^^^^^^^^^^^
  File "C:\Users\Lenovo\AppData\Local\Programs\Python\Python312\Lib\site-packages\transformers\utils\hub.py", line 140, in _get_cache_file_to_return
    resolved_file = try_to_load_from_cache(path_or_repo_id, full_filename, cache_dir=cache_dir, revision=revision)
                    ^^^^^^^^^^^^^^^^^^^^^^^^^^^^^^^^^^^^^^^^^^^^^^^^^^^^^^^^^^^^^^^^^^^^^^^^^^^^^^^^^^^^^^^^^^^^^^
  File "C:\Users\Lenovo\AppData\Local\Programs\Python\Python312\Lib\site-packages\huggingface_hub\utils\_validators.py", line 106, in _inner_fn
    validate_repo_id(arg_value)
  File "C:\Users\Lenovo\AppData\Local\Programs\Python\Python312\Lib\site-packages\huggingface_hub\utils\_validators.py", line 160, in validate_repo_id
    raise HFValidationError(
huggingface_hub.errors.HFValidationError: Repo id must use alphanumeric chars or '-', '_', '.', '--' and '..' are forbidden, '-' and '.' cannot start or end the name, max length is 96: 'models\Qwen3-8B'.

During handling of the above exception, another exception occurred:

Traceback (most recent call last):
  File "C:\Users\Lenovo\Desktop\å¾®è°ƒå¤§æ¨¡å‹\qwen-rag-lora\backend\app.py", line 34, in initialize_backend
    system_components = initialize_system()
                        ^^^^^^^^^^^^^^^^^^^
  File "C:\Users\Lenovo\Desktop\å¾®è°ƒå¤§æ¨¡å‹\qwen-rag-lora\ç»„åˆ5.py", line 123, in initialize_system
    model = AutoModelForCausalLM.from_pretrained(
            ^^^^^^^^^^^^^^^^^^^^^^^^^^^^^^^^^^^^^
  File "C:\Users\Lenovo\AppData\Local\Programs\Python\Python312\Lib\site-packages\transformers\models\auto\auto_factory.py", line 531, in from_pretrained
    config, kwargs = AutoConfig.from_pretrained(
                     ^^^^^^^^^^^^^^^^^^^^^^^^^^^
  File "C:\Users\Lenovo\AppData\Local\Programs\Python\Python312\Lib\site-packages\transformers\models\auto\configuration_auto.py", line 1153, in from_pretrained
    config_dict, unused_kwargs = PretrainedConfig.get_config_dict(pretrained_model_name_or_path, **kwargs)
                                 ^^^^^^^^^^^^^^^^^^^^^^^^^^^^^^^^^^^^^^^^^^^^^^^^^^^^^^^^^^^^^^^^^^^^^^^^^
  File "C:\Users\Lenovo\AppData\Local\Programs\Python\Python312\Lib\site-packages\transformers\configuration_utils.py", line 595, in get_config_dict
    config_dict, kwargs = cls._get_config_dict(pretrained_model_name_or_path, **kwargs)
                          ^^^^^^^^^^^^^^^^^^^^^^^^^^^^^^^^^^^^^^^^^^^^^^^^^^^^^^^^^^^^^
  File "C:\Users\Lenovo\AppData\Local\Programs\Python\Python312\Lib\site-packages\transformers\configuration_utils.py", line 677, in _get_config_dict
    raise OSError(
OSError: Can't load the configuration of 'models\Qwen3-8B'. If you were trying to load it from 'https://huggingface.co/models', make sure you don't have a local directory with the same name. Otherwise, make sure 'models\Qwen3-8B' is the correct path to a directory containing a config.json file

2025-06-28 18:45:23,230 - Startup - INFO - åç«¯æœåŠ¡å¯åŠ¨æˆåŠŸ
2025-06-28 18:45:23,230 - Startup - INFO - æœåŠ¡åœ°å€: http://localhost:5000
2025-06-28 18:45:23,230 - Startup - INFO - APIæ–‡æ¡£:
2025-06-28 18:45:23,230 - Startup - INFO -   - POST /api/chat - èŠå¤©æ¥å£
2025-06-28 18:45:23,230 - Startup - INFO -   - GET  /api/health - å¥åº·æ£€æŸ¥
2025-06-28 18:45:23,230 - Startup - INFO -   - POST /api/clear-history - æ¸…ç©ºå†å²
2025-06-28 18:45:23,230 - Startup - INFO -   - GET  /api/history - è·å–å†å²
2025-06-28 18:45:24,514 - werkzeug - INFO - [31m[1mWARNING: This is a development server. Do not use it in a production deployment. Use a production WSGI server instead.[0m
 * Running on all addresses (0.0.0.0)
 * Running on http://127.0.0.1:5000
 * Running on http://10.203.168.35:5000
2025-06-28 18:45:24,515 - werkzeug - INFO - [33mPress CTRL+C to quit[0m
2025-06-28 18:45:52,942 - werkzeug - INFO - 127.0.0.1 - - [28/Jun/2025 18:45:52] "OPTIONS /api/chat HTTP/1.1" 200 -
2025-06-28 18:45:53,188 - werkzeug - INFO - 127.0.0.1 - - [28/Jun/2025 18:45:53] "[35m[1mPOST /api/chat HTTP/1.1[0m" 503 -
2025-06-28 18:46:58,816 - Startup - INFO - æ­£åœ¨å¯åŠ¨å…¬å…±è‰ºæœ¯RAGåç«¯æœåŠ¡...
2025-06-28 18:46:58,816 - Startup - INFO - æ‰€æœ‰ä¾èµ–æ£€æŸ¥é€šè¿‡
2025-06-28 18:47:02,039 - Backend_API - INFO - æ­£åœ¨åˆå§‹åŒ–åç«¯ç³»ç»Ÿ...
2025-06-28 18:47:02,146 - RAG_Enhanced_Chat - INFO - Ollamaæ¨¡å‹ 'deepseek-r1:1.5b' å·²å®‰è£…
2025-06-28 18:47:02,146 - RAG_Enhanced_Chat - INFO - æ­£åœ¨åŠ è½½åµŒå…¥æ¨¡å‹å’Œå‘é‡æ•°æ®åº“...
2025-06-28 18:47:02,407 - chromadb.telemetry.product.posthog - INFO - Anonymized telemetry enabled. See                     https://docs.trychroma.com/telemetry for more information.
2025-06-28 18:47:02,490 - RAG_Enhanced_Chat - INFO - å‘é‡æ•°æ®åº“åŠ è½½æˆåŠŸï¼ŒåŒ…å« 0 ä¸ªæ–‡æ¡£
2025-06-28 18:47:02,490 - RAG_Enhanced_Chat - INFO - æ­£åœ¨åŠ è½½å¾®è°ƒæ¨¡å‹: C:/Users/Lenovo/Desktop/å¾®è°ƒå¤§æ¨¡å‹/qwen-rag-lora/models/Qwen3-8B-optimized
2025-06-28 18:47:02,612 - RAG_Enhanced_Chat - INFO - åŸºç¡€æ¨¡å‹è·¯å¾„: C:/Users/Lenovo/Desktop/å¾®è°ƒå¤§æ¨¡å‹/qwen-rag-lora/models/Qwen3-8B
2025-06-28 18:47:04,808 - accelerate.utils.modeling - INFO - We will use 90% of the memory on device 0 for storing the model, and 10% for the buffer to avoid OOM. You can set `max_memory` in to a higher value to use more memory (at your own risk).
2025-06-28 18:47:17,824 - RAG_Enhanced_Chat - INFO - æ­£åœ¨åŠ è½½LoRAé€‚é…å™¨...
2025-06-28 18:47:18,612 - RAG_Enhanced_Chat - INFO - LoRAé€‚é…å™¨åŠ è½½å®Œæˆ
2025-06-28 18:47:18,616 - RAG_Enhanced_Chat - INFO - æ¨¡å‹åŠ è½½å®Œæˆï¼Œä½¿ç”¨çš„è®¾å¤‡: cuda:0
2025-06-28 18:47:18,616 - Backend_API - INFO - åç«¯ç³»ç»Ÿåˆå§‹åŒ–å®Œæˆ
2025-06-28 18:47:18,616 - Startup - INFO - åç«¯æœåŠ¡å¯åŠ¨æˆåŠŸ
2025-06-28 18:47:18,616 - Startup - INFO - æœåŠ¡åœ°å€: http://localhost:5000
2025-06-28 18:47:18,616 - Startup - INFO - APIæ–‡æ¡£:
2025-06-28 18:47:18,616 - Startup - INFO -   - POST /api/chat - èŠå¤©æ¥å£
2025-06-28 18:47:18,616 - Startup - INFO -   - GET  /api/health - å¥åº·æ£€æŸ¥
2025-06-28 18:47:18,617 - Startup - INFO -   - POST /api/clear-history - æ¸…ç©ºå†å²
2025-06-28 18:47:18,617 - Startup - INFO -   - GET  /api/history - è·å–å†å²
2025-06-28 18:47:19,899 - werkzeug - INFO - [31m[1mWARNING: This is a development server. Do not use it in a production deployment. Use a production WSGI server instead.[0m
 * Running on all addresses (0.0.0.0)
 * Running on http://127.0.0.1:5000
 * Running on http://10.203.168.35:5000
2025-06-28 18:47:19,901 - werkzeug - INFO - [33mPress CTRL+C to quit[0m
2025-06-28 18:51:25,973 - Startup - INFO - æ­£åœ¨å¯åŠ¨å…¬å…±è‰ºæœ¯RAGåç«¯æœåŠ¡...
2025-06-28 18:51:25,973 - Startup - INFO - æ‰€æœ‰ä¾èµ–æ£€æŸ¥é€šè¿‡
2025-06-28 18:51:29,267 - Backend_API - INFO - æ­£åœ¨åˆå§‹åŒ–åç«¯ç³»ç»Ÿ...
2025-06-28 18:51:29,352 - RAG_Enhanced_Chat - INFO - Ollamaæ¨¡å‹ 'deepseek-r1:1.5b' å·²å®‰è£…
2025-06-28 18:51:29,352 - RAG_Enhanced_Chat - INFO - æ­£åœ¨åŠ è½½åµŒå…¥æ¨¡å‹å’Œå‘é‡æ•°æ®åº“...
2025-06-28 18:51:29,616 - chromadb.telemetry.product.posthog - INFO - Anonymized telemetry enabled. See                     https://docs.trychroma.com/telemetry for more information.
2025-06-28 18:51:29,707 - RAG_Enhanced_Chat - INFO - å‘é‡æ•°æ®åº“åŠ è½½æˆåŠŸï¼ŒåŒ…å« 0 ä¸ªæ–‡æ¡£
2025-06-28 18:51:29,707 - RAG_Enhanced_Chat - INFO - æ­£åœ¨åŠ è½½å¾®è°ƒæ¨¡å‹: C:/Users/Lenovo/Desktop/å¾®è°ƒå¤§æ¨¡å‹/qwen-rag-lora/models/Qwen3-8B-optimized
2025-06-28 18:51:29,840 - RAG_Enhanced_Chat - INFO - åŸºç¡€æ¨¡å‹è·¯å¾„: C:/Users/Lenovo/Desktop/å¾®è°ƒå¤§æ¨¡å‹/qwen-rag-lora/models/Qwen3-8B
2025-06-28 18:51:31,374 - accelerate.utils.modeling - INFO - We will use 90% of the memory on device 0 for storing the model, and 10% for the buffer to avoid OOM. You can set `max_memory` in to a higher value to use more memory (at your own risk).
2025-06-28 18:51:39,475 - RAG_Enhanced_Chat - INFO - æ­£åœ¨åŠ è½½LoRAé€‚é…å™¨...
2025-06-28 18:51:40,168 - RAG_Enhanced_Chat - INFO - LoRAé€‚é…å™¨åŠ è½½å®Œæˆ
2025-06-28 18:51:40,171 - RAG_Enhanced_Chat - INFO - æ¨¡å‹åŠ è½½å®Œæˆï¼Œä½¿ç”¨çš„è®¾å¤‡: cuda:0
2025-06-28 18:51:40,171 - Backend_API - INFO - åç«¯ç³»ç»Ÿåˆå§‹åŒ–å®Œæˆ
2025-06-28 18:51:40,171 - Startup - INFO - åç«¯æœåŠ¡å¯åŠ¨æˆåŠŸ
2025-06-28 18:51:40,172 - Startup - INFO - æœåŠ¡åœ°å€: http://localhost:5000
2025-06-28 18:51:40,172 - Startup - INFO - APIæ–‡æ¡£:
2025-06-28 18:51:40,172 - Startup - INFO -   - POST /api/chat - èŠå¤©æ¥å£
2025-06-28 18:51:40,172 - Startup - INFO -   - GET  /api/health - å¥åº·æ£€æŸ¥
2025-06-28 18:51:40,172 - Startup - INFO -   - POST /api/clear-history - æ¸…ç©ºå†å²
2025-06-28 18:51:40,172 - Startup - INFO -   - GET  /api/history - è·å–å†å²
2025-06-28 18:51:41,425 - werkzeug - INFO - [31m[1mWARNING: This is a development server. Do not use it in a production deployment. Use a production WSGI server instead.[0m
 * Running on all addresses (0.0.0.0)
 * Running on http://127.0.0.1:5000
 * Running on http://10.203.168.35:5000
2025-06-28 18:51:41,426 - werkzeug - INFO - [33mPress CTRL+C to quit[0m
2025-06-28 18:51:58,867 - werkzeug - INFO - 127.0.0.1 - - [28/Jun/2025 18:51:58] "OPTIONS /api/chat HTTP/1.1" 200 -
2025-06-28 18:51:59,126 - Backend_API - INFO - æ”¶åˆ°ç”¨æˆ·æ¶ˆæ¯: åŸå¸‚é›•å¡‘çš„åˆ†ç±»...
2025-06-28 18:52:10,643 - Backend_API - INFO - ç”Ÿæˆå“åº”å®Œæˆï¼Œé•¿åº¦: 277
2025-06-28 18:52:10,644 - werkzeug - INFO - 127.0.0.1 - - [28/Jun/2025 18:52:10] "POST /api/chat HTTP/1.1" 200 -
2025-06-28 18:52:42,279 - werkzeug - INFO - 127.0.0.1 - - [28/Jun/2025 18:52:42] "OPTIONS /api/chat HTTP/1.1" 200 -
2025-06-28 18:52:42,596 - Backend_API - INFO - æ”¶åˆ°ç”¨æˆ·æ¶ˆæ¯: ç¤¾ä¼šè‰ºæœ¯æ˜¯ä»€ä¹ˆ...
2025-06-28 18:52:42,767 - Backend_API - INFO - ç”Ÿæˆå“åº”å®Œæˆï¼Œé•¿åº¦: 0
2025-06-28 18:52:42,768 - werkzeug - INFO - 127.0.0.1 - - [28/Jun/2025 18:52:42] "POST /api/chat HTTP/1.1" 200 -
2025-06-28 18:53:12,628 - werkzeug - INFO - 127.0.0.1 - - [28/Jun/2025 18:53:12] "OPTIONS /api/chat HTTP/1.1" 200 -
2025-06-28 18:53:12,941 - Backend_API - INFO - æ”¶åˆ°ç”¨æˆ·æ¶ˆæ¯: ç¤¾ä¼šè‰ºæœ¯æ˜¯ä»€ä¹ˆï¼Ÿ...
2025-06-28 18:53:15,628 - Backend_API - INFO - ç”Ÿæˆå“åº”å®Œæˆï¼Œé•¿åº¦: 5
2025-06-28 18:53:15,628 - werkzeug - INFO - 127.0.0.1 - - [28/Jun/2025 18:53:15] "POST /api/chat HTTP/1.1" 200 -
2025-06-28 18:53:28,816 - werkzeug - INFO - 127.0.0.1 - - [28/Jun/2025 18:53:28] "OPTIONS /api/chat HTTP/1.1" 200 -
2025-06-28 18:53:29,124 - Backend_API - INFO - æ”¶åˆ°ç”¨æˆ·æ¶ˆæ¯: ç¤¾ä¼šè‰ºæœ¯æ˜¯ä»€ä¹ˆï¼Ÿ...
2025-06-28 18:53:29,311 - Backend_API - INFO - ç”Ÿæˆå“åº”å®Œæˆï¼Œé•¿åº¦: 0
2025-06-28 18:53:29,312 - werkzeug - INFO - 127.0.0.1 - - [28/Jun/2025 18:53:29] "POST /api/chat HTTP/1.1" 200 -
2025-06-28 18:55:45,615 - werkzeug - INFO - 127.0.0.1 - - [28/Jun/2025 18:55:45] "OPTIONS /api/chat HTTP/1.1" 200 -
2025-06-28 18:55:45,877 - Backend_API - INFO - æ”¶åˆ°ç”¨æˆ·æ¶ˆæ¯: ç¤¾ä¼šè‰ºæœ¯æ˜¯ä»€ä¹ˆï¼Ÿ...
2025-06-28 18:55:46,026 - Backend_API - ERROR - å¤„ç†èŠå¤©è¯·æ±‚æ—¶å‡ºé”™: Error executing plan: Internal error: Error creating hnsw segment reader: Error loading hnsw index
2025-06-28 18:55:46,088 - Backend_API - ERROR - Traceback (most recent call last):
  File "C:\Users\Lenovo\Desktop\å¾®è°ƒå¤§æ¨¡å‹\qwen-rag-lora\backend\app.py", line 70, in chat
    response = generate_response(system_components, messages, user_message)
               ^^^^^^^^^^^^^^^^^^^^^^^^^^^^^^^^^^^^^^^^^^^^^^^^^^^^^^^^^^^^
  File "C:\Users\Lenovo\Desktop\å¾®è°ƒå¤§æ¨¡å‹\qwen-rag-lora\ç»„åˆ5.py", line 184, in generate_response
    retrieved_docs = components["retriever"].get_relevant_documents(question)
                     ^^^^^^^^^^^^^^^^^^^^^^^^^^^^^^^^^^^^^^^^^^^^^^^^^^^^^^^^
  File "C:\Users\Lenovo\AppData\Local\Programs\Python\Python312\Lib\site-packages\langchain\schema\retriever.py", line 211, in get_relevant_documents
    raise e
  File "C:\Users\Lenovo\AppData\Local\Programs\Python\Python312\Lib\site-packages\langchain\schema\retriever.py", line 204, in get_relevant_documents
    result = self._get_relevant_documents(
             ^^^^^^^^^^^^^^^^^^^^^^^^^^^^^
  File "C:\Users\Lenovo\AppData\Local\Programs\Python\Python312\Lib\site-packages\langchain\schema\vectorstore.py", line 657, in _get_relevant_documents
    docs = self.vectorstore.similarity_search(query, **self.search_kwargs)
           ^^^^^^^^^^^^^^^^^^^^^^^^^^^^^^^^^^^^^^^^^^^^^^^^^^^^^^^^^^^^^^^
  File "C:\Users\Lenovo\AppData\Local\Programs\Python\Python312\Lib\site-packages\langchain\vectorstores\chroma.py", line 348, in similarity_search
    docs_and_scores = self.similarity_search_with_score(query, k, filter=filter)
                      ^^^^^^^^^^^^^^^^^^^^^^^^^^^^^^^^^^^^^^^^^^^^^^^^^^^^^^^^^^
  File "C:\Users\Lenovo\AppData\Local\Programs\Python\Python312\Lib\site-packages\langchain\vectorstores\chroma.py", line 433, in similarity_search_with_score
    results = self.__query_collection(
              ^^^^^^^^^^^^^^^^^^^^^^^^
  File "C:\Users\Lenovo\AppData\Local\Programs\Python\Python312\Lib\site-packages\langchain\utils\utils.py", line 35, in wrapper
    return func(*args, **kwargs)
           ^^^^^^^^^^^^^^^^^^^^^
  File "C:\Users\Lenovo\AppData\Local\Programs\Python\Python312\Lib\site-packages\langchain\vectorstores\chroma.py", line 155, in __query_collection
    return self._collection.query(
           ^^^^^^^^^^^^^^^^^^^^^^^
  File "C:\Users\Lenovo\AppData\Local\Programs\Python\Python312\Lib\site-packages\chromadb\api\models\Collection.py", line 221, in query
    query_results = self._client._query(
                    ^^^^^^^^^^^^^^^^^^^^
  File "C:\Users\Lenovo\AppData\Local\Programs\Python\Python312\Lib\site-packages\chromadb\api\rust.py", line 512, in _query
    rust_response = self.bindings.query(
                    ^^^^^^^^^^^^^^^^^^^^
chromadb.errors.InternalError: Error executing plan: Internal error: Error creating hnsw segment reader: Error loading hnsw index

2025-06-28 18:55:46,088 - werkzeug - INFO - 127.0.0.1 - - [28/Jun/2025 18:55:46] "[35m[1mPOST /api/chat HTTP/1.1[0m" 500 -
2025-06-28 19:10:46,569 - Startup - INFO - æ­£åœ¨å¯åŠ¨å…¬å…±è‰ºæœ¯RAGåç«¯æœåŠ¡...
2025-06-28 19:10:46,569 - Startup - INFO - æ‰€æœ‰ä¾èµ–æ£€æŸ¥é€šè¿‡
2025-06-28 19:10:49,759 - Backend_API - INFO - æ­£åœ¨åˆå§‹åŒ–åç«¯ç³»ç»Ÿ...
2025-06-28 19:10:49,853 - RAG_Enhanced_Chat - INFO - Ollamaæ¨¡å‹ 'deepseek-r1:1.5b' å·²å®‰è£…
2025-06-28 19:10:49,853 - RAG_Enhanced_Chat - INFO - æ­£åœ¨åŠ è½½åµŒå…¥æ¨¡å‹å’Œå‘é‡æ•°æ®åº“...
2025-06-28 19:10:50,115 - chromadb.telemetry.product.posthog - INFO - Anonymized telemetry enabled. See                     https://docs.trychroma.com/telemetry for more information.
2025-06-28 19:10:50,186 - RAG_Enhanced_Chat - WARNING - å‘é‡æ•°æ®åº“åŠ è½½å¤±è´¥: Error executing plan: Error sending backfill request to compactor: Error constructing hnsw segment reader: Error creating hnsw segment reader: Error loading hnsw index
2025-06-28 19:10:50,186 - RAG_Enhanced_Chat - INFO - å°è¯•é‡æ–°åˆ›å»ºå‘é‡æ•°æ®åº“...
2025-06-28 19:10:50,187 - Backend_API - ERROR - ç³»ç»Ÿåˆå§‹åŒ–å¤±è´¥: [WinError 32] å¦ä¸€ä¸ªç¨‹åºæ­£åœ¨ä½¿ç”¨æ­¤æ–‡ä»¶ï¼Œè¿›ç¨‹æ— æ³•è®¿é—®ã€‚: 'C:\\Users\\Lenovo\\Desktop\\å¾®è°ƒå¤§æ¨¡å‹\\qwen-rag-lora\\chroma_db_deepseek_1.5b\\chroma.sqlite3'
2025-06-28 19:10:50,188 - Backend_API - ERROR - Traceback (most recent call last):
  File "C:\Users\Lenovo\Desktop\å¾®è°ƒå¤§æ¨¡å‹\qwen-rag-lora\ç»„åˆ5.py", line 109, in initialize_system
    doc_count = vector_store._collection.count()
                ^^^^^^^^^^^^^^^^^^^^^^^^^^^^^^^^
  File "C:\Users\Lenovo\AppData\Local\Programs\Python\Python312\Lib\site-packages\chromadb\api\models\Collection.py", line 39, in count
    return self._client._count(
           ^^^^^^^^^^^^^^^^^^^^
  File "C:\Users\Lenovo\AppData\Local\Programs\Python\Python312\Lib\site-packages\chromadb\api\rust.py", line 327, in _count
    return self.bindings.count(str(collection_id), tenant, database)
           ^^^^^^^^^^^^^^^^^^^^^^^^^^^^^^^^^^^^^^^^^^^^^^^^^^^^^^^^^
chromadb.errors.InternalError: Error executing plan: Error sending backfill request to compactor: Error constructing hnsw segment reader: Error creating hnsw segment reader: Error loading hnsw index

During handling of the above exception, another exception occurred:

Traceback (most recent call last):
  File "C:\Users\Lenovo\Desktop\å¾®è°ƒå¤§æ¨¡å‹\qwen-rag-lora\backend\app.py", line 34, in initialize_backend
    system_components = initialize_system()
                        ^^^^^^^^^^^^^^^^^^^
  File "C:\Users\Lenovo\Desktop\å¾®è°ƒå¤§æ¨¡å‹\qwen-rag-lora\ç»„åˆ5.py", line 117, in initialize_system
    shutil.rmtree(db_directory)
  File "C:\Users\Lenovo\AppData\Local\Programs\Python\Python312\Lib\shutil.py", line 781, in rmtree
    return _rmtree_unsafe(path, onexc)
           ^^^^^^^^^^^^^^^^^^^^^^^^^^^
  File "C:\Users\Lenovo\AppData\Local\Programs\Python\Python312\Lib\shutil.py", line 635, in _rmtree_unsafe
    onexc(os.unlink, fullname, err)
  File "C:\Users\Lenovo\AppData\Local\Programs\Python\Python312\Lib\shutil.py", line 633, in _rmtree_unsafe
    os.unlink(fullname)
PermissionError: [WinError 32] å¦ä¸€ä¸ªç¨‹åºæ­£åœ¨ä½¿ç”¨æ­¤æ–‡ä»¶ï¼Œè¿›ç¨‹æ— æ³•è®¿é—®ã€‚: 'C:\\Users\\Lenovo\\Desktop\\å¾®è°ƒå¤§æ¨¡å‹\\qwen-rag-lora\\chroma_db_deepseek_1.5b\\chroma.sqlite3'

2025-06-28 19:10:50,188 - Startup - INFO - åç«¯æœåŠ¡å¯åŠ¨æˆåŠŸ
2025-06-28 19:10:50,188 - Startup - INFO - æœåŠ¡åœ°å€: http://localhost:5000
2025-06-28 19:10:50,189 - Startup - INFO - APIæ–‡æ¡£:
2025-06-28 19:10:50,189 - Startup - INFO -   - POST /api/chat - èŠå¤©æ¥å£
2025-06-28 19:10:50,189 - Startup - INFO -   - GET  /api/health - å¥åº·æ£€æŸ¥
2025-06-28 19:10:50,189 - Startup - INFO -   - POST /api/clear-history - æ¸…ç©ºå†å²
2025-06-28 19:10:50,189 - Startup - INFO -   - GET  /api/history - è·å–å†å²
2025-06-28 19:10:51,465 - werkzeug - INFO - [31m[1mWARNING: This is a development server. Do not use it in a production deployment. Use a production WSGI server instead.[0m
 * Running on all addresses (0.0.0.0)
 * Running on http://127.0.0.1:5000
 * Running on http://10.203.168.35:5000
2025-06-28 19:10:51,465 - werkzeug - INFO - [33mPress CTRL+C to quit[0m
2025-06-28 19:11:29,733 - werkzeug - INFO - 127.0.0.1 - - [28/Jun/2025 19:11:29] "OPTIONS /api/chat HTTP/1.1" 200 -
2025-06-28 19:15:49,166 - werkzeug - INFO - 127.0.0.1 - - [28/Jun/2025 19:15:49] "OPTIONS /api/chat HTTP/1.1" 200 -
2025-06-28 19:20:14,671 - werkzeug - INFO - 127.0.0.1 - - [28/Jun/2025 19:20:14] "[35m[1mPOST /api/chat HTTP/1.1[0m" 503 -
2025-06-28 19:20:54,308 - Startup - INFO - æ­£åœ¨å¯åŠ¨å…¬å…±è‰ºæœ¯RAGåç«¯æœåŠ¡...
2025-06-28 19:20:54,308 - Startup - INFO - æ‰€æœ‰ä¾èµ–æ£€æŸ¥é€šè¿‡
2025-06-28 19:20:57,518 - Backend_API - INFO - æ­£åœ¨åˆå§‹åŒ–åç«¯ç³»ç»Ÿ...
2025-06-28 19:20:57,688 - RAG_Enhanced_Chat - INFO - Ollamaæ¨¡å‹ 'deepseek-r1:1.5b' å·²å®‰è£…
2025-06-28 19:20:57,688 - RAG_Enhanced_Chat - INFO - æ­£åœ¨åŠ è½½åµŒå…¥æ¨¡å‹å’Œå‘é‡æ•°æ®åº“...
2025-06-28 19:20:57,951 - chromadb.telemetry.product.posthog - INFO - Anonymized telemetry enabled. See                     https://docs.trychroma.com/telemetry for more information.
2025-06-28 19:20:58,033 - RAG_Enhanced_Chat - INFO - å‘é‡æ•°æ®åº“åŠ è½½æˆåŠŸï¼ŒåŒ…å« 5403 ä¸ªæ–‡æ¡£
2025-06-28 19:20:58,034 - RAG_Enhanced_Chat - INFO - æ­£åœ¨åŠ è½½å¾®è°ƒæ¨¡å‹: C:/Users/Lenovo/Desktop/å¾®è°ƒå¤§æ¨¡å‹/qwen-rag-lora/models/Qwen3-8B-optimized
2025-06-28 19:20:58,154 - RAG_Enhanced_Chat - INFO - åŸºç¡€æ¨¡å‹è·¯å¾„: C:/Users/Lenovo/Desktop/å¾®è°ƒå¤§æ¨¡å‹/qwen-rag-lora/models/Qwen3-8B
2025-06-28 19:20:59,572 - accelerate.utils.modeling - INFO - We will use 90% of the memory on device 0 for storing the model, and 10% for the buffer to avoid OOM. You can set `max_memory` in to a higher value to use more memory (at your own risk).
2025-06-28 19:21:07,020 - RAG_Enhanced_Chat - INFO - æ­£åœ¨åŠ è½½LoRAé€‚é…å™¨...
2025-06-28 19:21:07,596 - RAG_Enhanced_Chat - INFO - LoRAé€‚é…å™¨åŠ è½½å®Œæˆ
2025-06-28 19:21:07,599 - RAG_Enhanced_Chat - INFO - æ¨¡å‹åŠ è½½å®Œæˆï¼Œä½¿ç”¨çš„è®¾å¤‡: cuda:0
2025-06-28 19:21:07,599 - Backend_API - INFO - åç«¯ç³»ç»Ÿåˆå§‹åŒ–å®Œæˆ
2025-06-28 19:21:07,599 - Startup - INFO - åç«¯æœåŠ¡å¯åŠ¨æˆåŠŸ
2025-06-28 19:21:07,599 - Startup - INFO - æœåŠ¡åœ°å€: http://localhost:5000
2025-06-28 19:21:07,599 - Startup - INFO - APIæ–‡æ¡£:
2025-06-28 19:21:07,599 - Startup - INFO -   - POST /api/chat - èŠå¤©æ¥å£
2025-06-28 19:21:07,599 - Startup - INFO -   - GET  /api/health - å¥åº·æ£€æŸ¥
2025-06-28 19:21:07,599 - Startup - INFO -   - POST /api/clear-history - æ¸…ç©ºå†å²
2025-06-28 19:21:07,599 - Startup - INFO -   - GET  /api/history - è·å–å†å²
2025-06-28 19:21:08,882 - werkzeug - INFO - [31m[1mWARNING: This is a development server. Do not use it in a production deployment. Use a production WSGI server instead.[0m
 * Running on all addresses (0.0.0.0)
 * Running on http://127.0.0.1:5000
 * Running on http://10.203.168.35:5000
2025-06-28 19:21:08,882 - werkzeug - INFO - [33mPress CTRL+C to quit[0m
2025-06-28 19:21:16,342 - werkzeug - INFO - 127.0.0.1 - - [28/Jun/2025 19:21:16] "OPTIONS /api/chat HTTP/1.1" 200 -
2025-06-28 19:21:16,588 - Backend_API - INFO - æ”¶åˆ°ç”¨æˆ·æ¶ˆæ¯: ç¤¾ä¼šè‰ºæœ¯æ˜¯ä»€ä¹ˆ...
2025-06-28 19:21:24,718 - Backend_API - INFO - ç”Ÿæˆå“åº”å®Œæˆï¼Œé•¿åº¦: 5
2025-06-28 19:21:24,718 - werkzeug - INFO - 127.0.0.1 - - [28/Jun/2025 19:21:24] "POST /api/chat HTTP/1.1" 200 -
2025-06-28 19:23:21,588 - Startup - INFO - æ­£åœ¨å¯åŠ¨å…¬å…±è‰ºæœ¯RAGåç«¯æœåŠ¡...
2025-06-28 19:23:21,589 - Startup - INFO - æ‰€æœ‰ä¾èµ–æ£€æŸ¥é€šè¿‡
2025-06-28 19:23:24,741 - Backend_API - INFO - æ­£åœ¨åˆå§‹åŒ–åç«¯ç³»ç»Ÿ...
2025-06-28 19:23:24,830 - RAG_Enhanced_Chat - INFO - Ollamaæ¨¡å‹ 'deepseek-r1:1.5b' å·²å®‰è£…
2025-06-28 19:23:24,831 - RAG_Enhanced_Chat - INFO - æ­£åœ¨åŠ è½½åµŒå…¥æ¨¡å‹å’Œå‘é‡æ•°æ®åº“...
2025-06-28 19:23:25,088 - chromadb.telemetry.product.posthog - INFO - Anonymized telemetry enabled. See                     https://docs.trychroma.com/telemetry for more information.
2025-06-28 19:23:25,178 - RAG_Enhanced_Chat - INFO - å‘é‡æ•°æ®åº“åŠ è½½æˆåŠŸï¼ŒåŒ…å« 5403 ä¸ªæ–‡æ¡£
2025-06-28 19:23:25,178 - RAG_Enhanced_Chat - INFO - æ­£åœ¨åŠ è½½å¾®è°ƒæ¨¡å‹: C:/Users/Lenovo/Desktop/å¾®è°ƒå¤§æ¨¡å‹/qwen-rag-lora/models/Qwen3-8B-optimized
2025-06-28 19:23:25,301 - RAG_Enhanced_Chat - INFO - åŸºç¡€æ¨¡å‹è·¯å¾„: C:/Users/Lenovo/Desktop/å¾®è°ƒå¤§æ¨¡å‹/qwen-rag-lora/models/Qwen3-8B
2025-06-28 19:23:26,706 - accelerate.utils.modeling - INFO - We will use 90% of the memory on device 0 for storing the model, and 10% for the buffer to avoid OOM. You can set `max_memory` in to a higher value to use more memory (at your own risk).
2025-06-28 19:23:39,151 - RAG_Enhanced_Chat - INFO - æ­£åœ¨åŠ è½½LoRAé€‚é…å™¨...
2025-06-28 19:23:39,739 - RAG_Enhanced_Chat - INFO - LoRAé€‚é…å™¨åŠ è½½å®Œæˆ
2025-06-28 19:23:39,742 - RAG_Enhanced_Chat - INFO - æ¨¡å‹åŠ è½½å®Œæˆï¼Œä½¿ç”¨çš„è®¾å¤‡: cuda:0
2025-06-28 19:23:39,742 - Backend_API - INFO - åç«¯ç³»ç»Ÿåˆå§‹åŒ–å®Œæˆ
2025-06-28 19:23:39,742 - Startup - INFO - åç«¯æœåŠ¡å¯åŠ¨æˆåŠŸ
2025-06-28 19:23:39,742 - Startup - INFO - æœåŠ¡åœ°å€: http://localhost:5000
2025-06-28 19:23:39,743 - Startup - INFO - APIæ–‡æ¡£:
2025-06-28 19:23:39,743 - Startup - INFO -   - POST /api/chat - èŠå¤©æ¥å£
2025-06-28 19:23:39,743 - Startup - INFO -   - GET  /api/health - å¥åº·æ£€æŸ¥
2025-06-28 19:23:39,743 - Startup - INFO -   - POST /api/clear-history - æ¸…ç©ºå†å²
2025-06-28 19:23:39,743 - Startup - INFO -   - GET  /api/history - è·å–å†å²
2025-06-28 19:23:41,016 - werkzeug - INFO - [31m[1mWARNING: This is a development server. Do not use it in a production deployment. Use a production WSGI server instead.[0m
 * Running on all addresses (0.0.0.0)
 * Running on http://127.0.0.1:5000
 * Running on http://10.203.168.35:5000
2025-06-28 19:23:41,017 - werkzeug - INFO - [33mPress CTRL+C to quit[0m
2025-06-28 19:23:49,105 - werkzeug - INFO - 127.0.0.1 - - [28/Jun/2025 19:23:49] "OPTIONS /api/chat HTTP/1.1" 200 -
2025-06-28 19:23:49,376 - Backend_API - INFO - æ”¶åˆ°ç”¨æˆ·æ¶ˆæ¯: ç¤¾ä¼šè‰ºæœ¯æ˜¯ä»€ä¹ˆ...
2025-06-28 19:25:06,047 - werkzeug - INFO - 127.0.0.1 - - [28/Jun/2025 19:25:06] "OPTIONS /api/chat HTTP/1.1" 200 -
2025-06-28 19:25:07,735 - Backend_API - INFO - ç”Ÿæˆå“åº”å®Œæˆï¼Œé•¿åº¦: 0
2025-06-28 19:25:38,842 - Backend_API - INFO - æ”¶åˆ°ç”¨æˆ·æ¶ˆæ¯: ç¤¾ä¼šè‰ºæœ¯æ˜¯ä»€ä¹ˆ...
2025-06-28 19:25:38,843 - werkzeug - INFO - 127.0.0.1 - - [28/Jun/2025 19:25:38] "POST /api/chat HTTP/1.1" 200 -
2025-06-28 19:25:48,057 - Startup - INFO - æ­£åœ¨å¯åŠ¨å…¬å…±è‰ºæœ¯RAGåç«¯æœåŠ¡...
2025-06-28 19:25:48,057 - Startup - INFO - æ‰€æœ‰ä¾èµ–æ£€æŸ¥é€šè¿‡
2025-06-28 19:25:51,268 - Backend_API - INFO - æ­£åœ¨åˆå§‹åŒ–åç«¯ç³»ç»Ÿ...
2025-06-28 19:25:51,388 - RAG_Enhanced_Chat - INFO - Ollamaæ¨¡å‹ 'deepseek-r1:1.5b' å·²å®‰è£…
2025-06-28 19:25:51,388 - RAG_Enhanced_Chat - INFO - æ­£åœ¨åŠ è½½åµŒå…¥æ¨¡å‹å’Œå‘é‡æ•°æ®åº“...
2025-06-28 19:25:51,653 - chromadb.telemetry.product.posthog - INFO - Anonymized telemetry enabled. See                     https://docs.trychroma.com/telemetry for more information.
2025-06-28 19:25:51,737 - RAG_Enhanced_Chat - INFO - å‘é‡æ•°æ®åº“åŠ è½½æˆåŠŸï¼ŒåŒ…å« 5403 ä¸ªæ–‡æ¡£
2025-06-28 19:25:51,737 - RAG_Enhanced_Chat - INFO - æ­£åœ¨åŠ è½½å¾®è°ƒæ¨¡å‹: C:/Users/Lenovo/Desktop/å¾®è°ƒå¤§æ¨¡å‹/qwen-rag-lora/models/Qwen3-8B-optimized
2025-06-28 19:25:51,858 - RAG_Enhanced_Chat - INFO - åŸºç¡€æ¨¡å‹è·¯å¾„: C:/Users/Lenovo/Desktop/å¾®è°ƒå¤§æ¨¡å‹/qwen-rag-lora/models/Qwen3-8B
2025-06-28 19:25:53,267 - accelerate.utils.modeling - INFO - We will use 90% of the memory on device 0 for storing the model, and 10% for the buffer to avoid OOM. You can set `max_memory` in to a higher value to use more memory (at your own risk).
2025-06-28 19:26:00,416 - RAG_Enhanced_Chat - INFO - æ­£åœ¨åŠ è½½LoRAé€‚é…å™¨...
2025-06-28 19:26:01,012 - RAG_Enhanced_Chat - INFO - LoRAé€‚é…å™¨åŠ è½½å®Œæˆ
2025-06-28 19:26:01,015 - RAG_Enhanced_Chat - INFO - æ¨¡å‹åŠ è½½å®Œæˆï¼Œä½¿ç”¨çš„è®¾å¤‡: cuda:0
2025-06-28 19:26:01,016 - Backend_API - INFO - åç«¯ç³»ç»Ÿåˆå§‹åŒ–å®Œæˆ
2025-06-28 19:26:01,016 - Startup - INFO - åç«¯æœåŠ¡å¯åŠ¨æˆåŠŸ
2025-06-28 19:26:01,016 - Startup - INFO - æœåŠ¡åœ°å€: http://localhost:5000
2025-06-28 19:26:01,016 - Startup - INFO - APIæ–‡æ¡£:
2025-06-28 19:26:01,016 - Startup - INFO -   - POST /api/chat - èŠå¤©æ¥å£
2025-06-28 19:26:01,016 - Startup - INFO -   - GET  /api/health - å¥åº·æ£€æŸ¥
2025-06-28 19:26:01,016 - Startup - INFO -   - POST /api/clear-history - æ¸…ç©ºå†å²
2025-06-28 19:26:01,016 - Startup - INFO -   - GET  /api/history - è·å–å†å²
2025-06-28 19:26:02,291 - werkzeug - INFO - [31m[1mWARNING: This is a development server. Do not use it in a production deployment. Use a production WSGI server instead.[0m
 * Running on all addresses (0.0.0.0)
 * Running on http://127.0.0.1:5000
 * Running on http://10.203.168.35:5000
2025-06-28 19:26:02,291 - werkzeug - INFO - [33mPress CTRL+C to quit[0m
2025-06-28 19:26:04,477 - werkzeug - INFO - 127.0.0.1 - - [28/Jun/2025 19:26:04] "OPTIONS /api/chat HTTP/1.1" 200 -
2025-06-28 19:26:04,741 - Backend_API - INFO - æ”¶åˆ°ç”¨æˆ·æ¶ˆæ¯: ç¤¾ä¼šè‰ºæœ¯æ˜¯ä»€ä¹ˆ...
2025-06-28 19:27:25,826 - Backend_API - INFO - ç”Ÿæˆå“åº”å®Œæˆï¼Œé•¿åº¦: 0
2025-06-28 19:27:25,827 - werkzeug - INFO - 127.0.0.1 - - [28/Jun/2025 19:27:25] "POST /api/chat HTTP/1.1" 200 -
2025-06-28 19:31:53,063 - Startup - INFO - æ­£åœ¨å¯åŠ¨å…¬å…±è‰ºæœ¯RAGåç«¯æœåŠ¡...
2025-06-28 19:31:53,063 - Startup - INFO - æ‰€æœ‰ä¾èµ–æ£€æŸ¥é€šè¿‡
2025-06-28 19:31:56,451 - Backend_API - INFO - æ­£åœ¨åˆå§‹åŒ–åç«¯ç³»ç»Ÿ...
2025-06-28 19:31:56,577 - RAG_Enhanced_Chat - INFO - Ollamaæ¨¡å‹ 'deepseek-r1:1.5b' å·²å®‰è£…
2025-06-28 19:31:56,577 - RAG_Enhanced_Chat - INFO - æ­£åœ¨åŠ è½½åµŒå…¥æ¨¡å‹å’Œå‘é‡æ•°æ®åº“...
2025-06-28 19:31:56,840 - chromadb.telemetry.product.posthog - INFO - Anonymized telemetry enabled. See                     https://docs.trychroma.com/telemetry for more information.
2025-06-28 19:31:56,917 - RAG_Enhanced_Chat - INFO - å‘é‡æ•°æ®åº“åŠ è½½æˆåŠŸï¼ŒåŒ…å« 5403 ä¸ªæ–‡æ¡£
2025-06-28 19:31:56,917 - RAG_Enhanced_Chat - INFO - æ­£åœ¨åŠ è½½å¾®è°ƒæ¨¡å‹: C:/Users/Lenovo/Desktop/å¾®è°ƒå¤§æ¨¡å‹/qwen-rag-lora/models/Qwen3-8B-optimized
2025-06-28 19:31:57,040 - RAG_Enhanced_Chat - INFO - åŸºç¡€æ¨¡å‹è·¯å¾„: C:/Users/Lenovo/Desktop/å¾®è°ƒå¤§æ¨¡å‹/qwen-rag-lora/models/Qwen3-8B
2025-06-28 19:31:58,446 - accelerate.utils.modeling - INFO - We will use 90% of the memory on device 0 for storing the model, and 10% for the buffer to avoid OOM. You can set `max_memory` in to a higher value to use more memory (at your own risk).
2025-06-28 19:32:05,712 - RAG_Enhanced_Chat - INFO - æ­£åœ¨åŠ è½½LoRAé€‚é…å™¨...
2025-06-28 19:32:06,294 - RAG_Enhanced_Chat - INFO - LoRAé€‚é…å™¨åŠ è½½å®Œæˆ
2025-06-28 19:32:06,297 - RAG_Enhanced_Chat - INFO - æ¨¡å‹åŠ è½½å®Œæˆï¼Œä½¿ç”¨çš„è®¾å¤‡: cuda:0
2025-06-28 19:32:06,297 - Backend_API - INFO - åç«¯ç³»ç»Ÿåˆå§‹åŒ–å®Œæˆ
2025-06-28 19:32:06,297 - Startup - INFO - åç«¯æœåŠ¡å¯åŠ¨æˆåŠŸ
2025-06-28 19:32:06,297 - Startup - INFO - æœåŠ¡åœ°å€: http://localhost:5000
2025-06-28 19:32:06,297 - Startup - INFO - APIæ–‡æ¡£:
2025-06-28 19:32:06,297 - Startup - INFO -   - POST /api/chat - èŠå¤©æ¥å£
2025-06-28 19:32:06,297 - Startup - INFO -   - GET  /api/health - å¥åº·æ£€æŸ¥
2025-06-28 19:32:06,297 - Startup - INFO -   - POST /api/clear-history - æ¸…ç©ºå†å²
2025-06-28 19:32:06,297 - Startup - INFO -   - GET  /api/history - è·å–å†å²
2025-06-28 19:32:07,579 - werkzeug - INFO - [31m[1mWARNING: This is a development server. Do not use it in a production deployment. Use a production WSGI server instead.[0m
 * Running on all addresses (0.0.0.0)
 * Running on http://127.0.0.1:5000
 * Running on http://10.203.168.35:5000
2025-06-28 19:32:07,579 - werkzeug - INFO - [33mPress CTRL+C to quit[0m
2025-06-28 19:32:21,798 - werkzeug - INFO - 127.0.0.1 - - [28/Jun/2025 19:32:21] "OPTIONS /api/chat HTTP/1.1" 200 -
2025-06-28 19:32:22,058 - Backend_API - INFO - æ”¶åˆ°ç”¨æˆ·æ¶ˆæ¯: ç¤¾ä¼šè‰ºæœ¯æ˜¯ä»€ä¹ˆ...
2025-06-28 19:32:51,075 - Backend_API - INFO - ç”Ÿæˆå“åº”å®Œæˆï¼Œé•¿åº¦: 783
2025-06-28 19:32:51,076 - werkzeug - INFO - 127.0.0.1 - - [28/Jun/2025 19:32:51] "POST /api/chat HTTP/1.1" 200 -
2025-06-28 19:36:19,728 - Startup - INFO - æ­£åœ¨å¯åŠ¨å…¬å…±è‰ºæœ¯RAGåç«¯æœåŠ¡...
2025-06-28 19:36:19,729 - Startup - INFO - æ‰€æœ‰ä¾èµ–æ£€æŸ¥é€šè¿‡
2025-06-28 19:36:22,945 - Backend_API - INFO - æ­£åœ¨åˆå§‹åŒ–åç«¯ç³»ç»Ÿ...
2025-06-28 19:36:23,015 - RAG_Enhanced_Chat - INFO - Ollamaæ¨¡å‹ 'deepseek-r1:1.5b' å·²å®‰è£…
2025-06-28 19:36:23,015 - RAG_Enhanced_Chat - INFO - æ­£åœ¨åŠ è½½åµŒå…¥æ¨¡å‹å’Œå‘é‡æ•°æ®åº“...
2025-06-28 19:36:23,281 - chromadb.telemetry.product.posthog - INFO - Anonymized telemetry enabled. See                     https://docs.trychroma.com/telemetry for more information.
2025-06-28 19:36:23,373 - RAG_Enhanced_Chat - INFO - å‘é‡æ•°æ®åº“åŠ è½½æˆåŠŸï¼ŒåŒ…å« 5403 ä¸ªæ–‡æ¡£
2025-06-28 19:36:23,373 - RAG_Enhanced_Chat - INFO - æ­£åœ¨åŠ è½½å¾®è°ƒæ¨¡å‹: C:/Users/Lenovo/Desktop/å¾®è°ƒå¤§æ¨¡å‹/qwen-rag-lora/models/Qwen3-8B-optimized
2025-06-28 19:36:23,496 - RAG_Enhanced_Chat - INFO - åŸºç¡€æ¨¡å‹è·¯å¾„: C:/Users/Lenovo/Desktop/å¾®è°ƒå¤§æ¨¡å‹/qwen-rag-lora/models/Qwen3-8B
2025-06-28 19:36:24,906 - accelerate.utils.modeling - INFO - We will use 90% of the memory on device 0 for storing the model, and 10% for the buffer to avoid OOM. You can set `max_memory` in to a higher value to use more memory (at your own risk).
2025-06-28 19:36:32,507 - RAG_Enhanced_Chat - INFO - æ­£åœ¨åŠ è½½LoRAé€‚é…å™¨...
2025-06-28 19:36:33,088 - RAG_Enhanced_Chat - INFO - LoRAé€‚é…å™¨åŠ è½½å®Œæˆ
2025-06-28 19:36:33,096 - RAG_Enhanced_Chat - INFO - æ¨¡å‹åŠ è½½å®Œæˆï¼Œä½¿ç”¨çš„è®¾å¤‡: cuda:0
2025-06-28 19:36:33,097 - Backend_API - INFO - åç«¯ç³»ç»Ÿåˆå§‹åŒ–å®Œæˆ
2025-06-28 19:36:33,097 - Startup - INFO - åç«¯æœåŠ¡å¯åŠ¨æˆåŠŸ
2025-06-28 19:36:33,097 - Startup - INFO - æœåŠ¡åœ°å€: http://localhost:5000
2025-06-28 19:36:33,097 - Startup - INFO - APIæ–‡æ¡£:
2025-06-28 19:36:33,097 - Startup - INFO -   - POST /api/chat - èŠå¤©æ¥å£
2025-06-28 19:36:33,097 - Startup - INFO -   - GET  /api/health - å¥åº·æ£€æŸ¥
2025-06-28 19:36:33,097 - Startup - INFO -   - POST /api/clear-history - æ¸…ç©ºå†å²
2025-06-28 19:36:33,097 - Startup - INFO -   - GET  /api/history - è·å–å†å²
2025-06-28 19:36:34,379 - werkzeug - INFO - [31m[1mWARNING: This is a development server. Do not use it in a production deployment. Use a production WSGI server instead.[0m
 * Running on all addresses (0.0.0.0)
 * Running on http://127.0.0.1:5000
 * Running on http://10.203.168.35:5000
2025-06-28 19:36:34,380 - werkzeug - INFO - [33mPress CTRL+C to quit[0m
2025-06-28 19:36:49,899 - werkzeug - INFO - 127.0.0.1 - - [28/Jun/2025 19:36:49] "OPTIONS /api/chat HTTP/1.1" 200 -
2025-06-28 19:36:50,148 - Backend_API - INFO - æ”¶åˆ°ç”¨æˆ·æ¶ˆæ¯: ç¤¾ä¼šè‰ºæœ¯æ˜¯ä»€ä¹ˆï¼Ÿ...
2025-06-28 19:37:00,063 - Backend_API - INFO - ç”Ÿæˆå“åº”å®Œæˆï¼Œé•¿åº¦: 153
2025-06-28 19:37:00,063 - werkzeug - INFO - 127.0.0.1 - - [28/Jun/2025 19:37:00] "POST /api/chat HTTP/1.1" 200 -
2025-06-28 19:38:04,491 - werkzeug - INFO - 127.0.0.1 - - [28/Jun/2025 19:38:04] "OPTIONS /api/chat HTTP/1.1" 200 -
2025-06-28 19:38:04,756 - Backend_API - INFO - æ”¶åˆ°ç”¨æˆ·æ¶ˆæ¯: å®ƒæœ‰ä»€ä¹ˆæ„ä¹‰ï¼Ÿ...
2025-06-28 19:38:45,233 - Backend_API - INFO - ç”Ÿæˆå“åº”å®Œæˆï¼Œé•¿åº¦: 0
2025-06-28 19:38:45,233 - werkzeug - INFO - 127.0.0.1 - - [28/Jun/2025 19:38:45] "POST /api/chat HTTP/1.1" 200 -
2025-06-28 19:43:30,956 - Startup - INFO - æ­£åœ¨å¯åŠ¨å…¬å…±è‰ºæœ¯RAGåç«¯æœåŠ¡...
2025-06-28 19:43:30,956 - Startup - INFO - æ‰€æœ‰ä¾èµ–æ£€æŸ¥é€šè¿‡
2025-06-28 19:43:34,224 - Backend_API - INFO - æ­£åœ¨åˆå§‹åŒ–åç«¯ç³»ç»Ÿ...
2025-06-28 19:43:34,324 - RAG_Enhanced_Chat - INFO - Ollamaæ¨¡å‹ 'deepseek-r1:1.5b' å·²å®‰è£…
2025-06-28 19:43:34,324 - RAG_Enhanced_Chat - INFO - æ­£åœ¨åŠ è½½åµŒå…¥æ¨¡å‹å’Œå‘é‡æ•°æ®åº“...
2025-06-28 19:43:34,595 - chromadb.telemetry.product.posthog - INFO - Anonymized telemetry enabled. See                     https://docs.trychroma.com/telemetry for more information.
2025-06-28 19:43:34,675 - RAG_Enhanced_Chat - INFO - å‘é‡æ•°æ®åº“åŠ è½½æˆåŠŸï¼ŒåŒ…å« 5403 ä¸ªæ–‡æ¡£
2025-06-28 19:43:34,675 - RAG_Enhanced_Chat - INFO - æ­£åœ¨åŠ è½½å¾®è°ƒæ¨¡å‹: C:/Users/Lenovo/Desktop/å¾®è°ƒå¤§æ¨¡å‹/qwen-rag-lora/models/Qwen3-8B-optimized
2025-06-28 19:43:34,798 - RAG_Enhanced_Chat - INFO - åŸºç¡€æ¨¡å‹è·¯å¾„: C:/Users/Lenovo/Desktop/å¾®è°ƒå¤§æ¨¡å‹/qwen-rag-lora/models/Qwen3-8B
2025-06-28 19:43:36,212 - accelerate.utils.modeling - INFO - We will use 90% of the memory on device 0 for storing the model, and 10% for the buffer to avoid OOM. You can set `max_memory` in to a higher value to use more memory (at your own risk).
2025-06-28 19:43:43,703 - RAG_Enhanced_Chat - INFO - æ­£åœ¨åŠ è½½LoRAé€‚é…å™¨...
2025-06-28 19:43:44,301 - RAG_Enhanced_Chat - INFO - LoRAé€‚é…å™¨åŠ è½½å®Œæˆ
2025-06-28 19:43:44,304 - RAG_Enhanced_Chat - INFO - æ¨¡å‹åŠ è½½å®Œæˆï¼Œä½¿ç”¨çš„è®¾å¤‡: cuda:0
2025-06-28 19:43:44,305 - Backend_API - INFO - åç«¯ç³»ç»Ÿåˆå§‹åŒ–å®Œæˆ
2025-06-28 19:43:44,305 - Startup - INFO - åç«¯æœåŠ¡å¯åŠ¨æˆåŠŸ
2025-06-28 19:43:44,305 - Startup - INFO - æœåŠ¡åœ°å€: http://localhost:5000
2025-06-28 19:43:44,305 - Startup - INFO - APIæ–‡æ¡£:
2025-06-28 19:43:44,305 - Startup - INFO -   - POST /api/chat - èŠå¤©æ¥å£
2025-06-28 19:43:44,305 - Startup - INFO -   - GET  /api/health - å¥åº·æ£€æŸ¥
2025-06-28 19:43:44,305 - Startup - INFO -   - POST /api/clear-history - æ¸…ç©ºå†å²
2025-06-28 19:43:44,305 - Startup - INFO -   - GET  /api/history - è·å–å†å²
2025-06-28 19:43:45,553 - werkzeug - INFO - [31m[1mWARNING: This is a development server. Do not use it in a production deployment. Use a production WSGI server instead.[0m
 * Running on all addresses (0.0.0.0)
 * Running on http://127.0.0.1:5000
 * Running on http://10.203.168.35:5000
2025-06-28 19:43:45,553 - werkzeug - INFO - [33mPress CTRL+C to quit[0m
2025-06-28 19:43:54,366 - werkzeug - INFO - 127.0.0.1 - - [28/Jun/2025 19:43:54] "OPTIONS /api/chat HTTP/1.1" 200 -
2025-06-28 19:43:54,616 - Backend_API - INFO - æ”¶åˆ°ç”¨æˆ·æ¶ˆæ¯: ç¤¾ä¼šè‰ºæœ¯æ˜¯ä»€ä¹ˆï¼Ÿ...
2025-06-28 19:43:54,619 - Backend_API - INFO - å½“å‰å¯¹è¯å†å²åŒ…å« 2 æ¡æ¶ˆæ¯
2025-06-28 19:43:56,332 - RAG_Enhanced_Chat - INFO - å¯¹è¯å†å²é•¿åº¦: 13 å­—ç¬¦
2025-06-28 19:44:06,002 - Backend_API - INFO - ç”Ÿæˆå“åº”å®Œæˆï¼Œé•¿åº¦: 0
2025-06-28 19:44:06,003 - werkzeug - INFO - 127.0.0.1 - - [28/Jun/2025 19:44:06] "POST /api/chat HTTP/1.1" 200 -
2025-06-28 19:44:34,324 - werkzeug - INFO - 127.0.0.1 - - [28/Jun/2025 19:44:34] "GET /api/health HTTP/1.1" 200 -
2025-06-28 19:44:45,849 - werkzeug - INFO - 127.0.0.1 - - [28/Jun/2025 19:44:45] "OPTIONS /api/chat HTTP/1.1" 200 -
2025-06-28 19:44:46,166 - Backend_API - INFO - æ”¶åˆ°ç”¨æˆ·æ¶ˆæ¯: ç¤¾ä¼šè‰ºæœ¯æ˜¯ä»€ä¹ˆï¼Ÿ...
2025-06-28 19:44:46,166 - Backend_API - INFO - å½“å‰å¯¹è¯å†å²åŒ…å« 4 æ¡æ¶ˆæ¯
2025-06-28 19:44:46,303 - RAG_Enhanced_Chat - INFO - å¯¹è¯å†å²é•¿åº¦: 31 å­—ç¬¦
2025-06-28 19:45:04,289 - Backend_API - INFO - ç”Ÿæˆå“åº”å®Œæˆï¼Œé•¿åº¦: 162
2025-06-28 19:45:04,290 - werkzeug - INFO - 127.0.0.1 - - [28/Jun/2025 19:45:04] "POST /api/chat HTTP/1.1" 200 -
2025-06-28 19:45:48,352 - werkzeug - INFO - 127.0.0.1 - - [28/Jun/2025 19:45:48] "OPTIONS /api/chat HTTP/1.1" 200 -
2025-06-28 19:45:48,618 - Backend_API - INFO - æ”¶åˆ°ç”¨æˆ·æ¶ˆæ¯: å®ƒæœ‰ä»€ä¹ˆæ„ä¹‰ï¼Ÿ...
2025-06-28 19:45:48,618 - Backend_API - INFO - å½“å‰å¯¹è¯å†å²åŒ…å« 6 æ¡æ¶ˆæ¯
2025-06-28 19:45:48,733 - RAG_Enhanced_Chat - INFO - å¯¹è¯å†å²é•¿åº¦: 210 å­—ç¬¦
2025-06-28 19:46:00,328 - Backend_API - INFO - ç”Ÿæˆå“åº”å®Œæˆï¼Œé•¿åº¦: 216
2025-06-28 19:46:00,328 - werkzeug - INFO - 127.0.0.1 - - [28/Jun/2025 19:46:00] "POST /api/chat HTTP/1.1" 200 -
2025-06-28 19:46:17,161 - werkzeug - INFO - 127.0.0.1 - - [28/Jun/2025 19:46:17] "OPTIONS /api/chat HTTP/1.1" 200 -
2025-06-28 19:46:17,468 - Backend_API - INFO - æ”¶åˆ°ç”¨æˆ·æ¶ˆæ¯: æœ‰å“ªäº›ç›¸å…³çš„è§‚ç‚¹å‘¢ï¼Ÿ...
2025-06-28 19:46:17,469 - Backend_API - INFO - å½“å‰å¯¹è¯å†å²åŒ…å« 8 æ¡æ¶ˆæ¯
2025-06-28 19:46:17,610 - RAG_Enhanced_Chat - INFO - å¯¹è¯å†å²é•¿åº¦: 446 å­—ç¬¦
2025-06-28 19:46:41,292 - Backend_API - INFO - ç”Ÿæˆå“åº”å®Œæˆï¼Œé•¿åº¦: 248
2025-06-28 19:46:41,293 - werkzeug - INFO - 127.0.0.1 - - [28/Jun/2025 19:46:41] "POST /api/chat HTTP/1.1" 200 -
2025-06-28 19:48:18,985 - werkzeug - INFO - 127.0.0.1 - - [28/Jun/2025 19:48:18] "OPTIONS /api/chat HTTP/1.1" 200 -
2025-06-28 19:48:19,247 - Backend_API - INFO - æ”¶åˆ°ç”¨æˆ·æ¶ˆæ¯: æœ‰å“ªäº›ç›¸å…³çš„æ–‡çŒ®è§‚ç‚¹å‘¢ï¼Ÿ...
2025-06-28 19:48:19,249 - Backend_API - INFO - å½“å‰å¯¹è¯å†å²åŒ…å« 10 æ¡æ¶ˆæ¯
2025-06-28 19:48:19,360 - RAG_Enhanced_Chat - INFO - å¯¹è¯å†å²é•¿åº¦: 716 å­—ç¬¦
2025-06-28 19:48:43,212 - Backend_API - INFO - ç”Ÿæˆå“åº”å®Œæˆï¼Œé•¿åº¦: 5
2025-06-28 19:48:43,213 - werkzeug - INFO - 127.0.0.1 - - [28/Jun/2025 19:48:43] "POST /api/chat HTTP/1.1" 200 -
2025-06-28 19:48:57,212 - werkzeug - INFO - 127.0.0.1 - - [28/Jun/2025 19:48:57] "OPTIONS /api/chat HTTP/1.1" 200 -
2025-06-28 19:48:57,532 - Backend_API - INFO - æ”¶åˆ°ç”¨æˆ·æ¶ˆæ¯: æœ‰å“ªäº›ç›¸å…³çš„æ–‡çŒ®è§‚ç‚¹å‘¢ï¼Ÿ...
2025-06-28 19:48:57,533 - Backend_API - INFO - å½“å‰å¯¹è¯å†å²åŒ…å« 12 æ¡æ¶ˆæ¯
2025-06-28 19:48:57,703 - RAG_Enhanced_Chat - INFO - å¯¹è¯å†å²é•¿åº¦: 743 å­—ç¬¦
2025-06-28 19:49:18,615 - Backend_API - INFO - ç”Ÿæˆå“åº”å®Œæˆï¼Œé•¿åº¦: 5
2025-06-28 19:49:18,615 - werkzeug - INFO - 127.0.0.1 - - [28/Jun/2025 19:49:18] "POST /api/chat HTTP/1.1" 200 -
2025-06-28 19:49:42,060 - Startup - INFO - æ­£åœ¨å¯åŠ¨å…¬å…±è‰ºæœ¯RAGåç«¯æœåŠ¡...
2025-06-28 19:49:42,060 - Startup - INFO - æ‰€æœ‰ä¾èµ–æ£€æŸ¥é€šè¿‡
2025-06-28 19:49:45,391 - Backend_API - INFO - æ­£åœ¨åˆå§‹åŒ–åç«¯ç³»ç»Ÿ...
2025-06-28 19:49:45,511 - RAG_Enhanced_Chat - INFO - Ollamaæ¨¡å‹ 'deepseek-r1:1.5b' å·²å®‰è£…
2025-06-28 19:49:45,511 - RAG_Enhanced_Chat - INFO - æ­£åœ¨åŠ è½½åµŒå…¥æ¨¡å‹å’Œå‘é‡æ•°æ®åº“...
2025-06-28 19:49:45,783 - chromadb.telemetry.product.posthog - INFO - Anonymized telemetry enabled. See                     https://docs.trychroma.com/telemetry for more information.
2025-06-28 19:49:45,896 - RAG_Enhanced_Chat - INFO - å‘é‡æ•°æ®åº“åŠ è½½æˆåŠŸï¼ŒåŒ…å« 5403 ä¸ªæ–‡æ¡£
2025-06-28 19:49:45,896 - RAG_Enhanced_Chat - INFO - æ­£åœ¨åŠ è½½å¾®è°ƒæ¨¡å‹: C:/Users/Lenovo/Desktop/å¾®è°ƒå¤§æ¨¡å‹/qwen-rag-lora/models/Qwen3-8B-optimized
2025-06-28 19:49:46,023 - RAG_Enhanced_Chat - INFO - åŸºç¡€æ¨¡å‹è·¯å¾„: C:/Users/Lenovo/Desktop/å¾®è°ƒå¤§æ¨¡å‹/qwen-rag-lora/models/Qwen3-8B
2025-06-28 19:49:47,595 - accelerate.utils.modeling - INFO - We will use 90% of the memory on device 0 for storing the model, and 10% for the buffer to avoid OOM. You can set `max_memory` in to a higher value to use more memory (at your own risk).
2025-06-28 19:49:55,173 - RAG_Enhanced_Chat - INFO - æ­£åœ¨åŠ è½½LoRAé€‚é…å™¨...
2025-06-28 19:49:55,792 - RAG_Enhanced_Chat - INFO - LoRAé€‚é…å™¨åŠ è½½å®Œæˆ
2025-06-28 19:49:55,795 - RAG_Enhanced_Chat - INFO - æ¨¡å‹åŠ è½½å®Œæˆï¼Œä½¿ç”¨çš„è®¾å¤‡: cuda:0
2025-06-28 19:49:55,795 - Backend_API - INFO - åç«¯ç³»ç»Ÿåˆå§‹åŒ–å®Œæˆ
2025-06-28 19:49:55,796 - Startup - INFO - åç«¯æœåŠ¡å¯åŠ¨æˆåŠŸ
2025-06-28 19:49:55,796 - Startup - INFO - æœåŠ¡åœ°å€: http://localhost:5000
2025-06-28 19:49:55,796 - Startup - INFO - APIæ–‡æ¡£:
2025-06-28 19:49:55,796 - Startup - INFO -   - POST /api/chat - èŠå¤©æ¥å£
2025-06-28 19:49:55,796 - Startup - INFO -   - GET  /api/health - å¥åº·æ£€æŸ¥
2025-06-28 19:49:55,796 - Startup - INFO -   - POST /api/clear-history - æ¸…ç©ºå†å²
2025-06-28 19:49:55,796 - Startup - INFO -   - GET  /api/history - è·å–å†å²
2025-06-28 19:49:57,061 - werkzeug - INFO - [31m[1mWARNING: This is a development server. Do not use it in a production deployment. Use a production WSGI server instead.[0m
 * Running on all addresses (0.0.0.0)
 * Running on http://127.0.0.1:5000
 * Running on http://10.203.168.35:5000
2025-06-28 19:49:57,061 - werkzeug - INFO - [33mPress CTRL+C to quit[0m
2025-06-28 19:51:23,627 - werkzeug - INFO - 127.0.0.1 - - [28/Jun/2025 19:51:23] "OPTIONS /api/chat HTTP/1.1" 200 -
2025-06-28 19:51:23,872 - Backend_API - INFO - æ”¶åˆ°ç”¨æˆ·æ¶ˆæ¯: å…¬å…±è‰ºæœ¯æ˜¯ä»€ä¹ˆï¼Ÿ...
2025-06-28 19:51:23,872 - Backend_API - INFO - å½“å‰å¯¹è¯å†å²åŒ…å« 2 æ¡æ¶ˆæ¯
2025-06-28 19:51:23,873 - RAG_Enhanced_Chat - INFO - å¯¹è¯å†å²é•¿åº¦: 13 å­—ç¬¦
2025-06-28 19:51:23,874 - RAG_Enhanced_Chat - INFO - ç®€çŸ­é—®é¢˜ï¼Œä½¿ç”¨æ‰©å±•æŸ¥è¯¢: å…¬å…±è‰ºæœ¯æ˜¯ä»€ä¹ˆï¼Ÿ  å…¬å…±è‰ºæœ¯æ˜¯ä»€ä¹ˆï¼Ÿ
2025-06-28 19:51:24,161 - RAG_Enhanced_Chat - INFO - æ£€ç´¢åˆ° 1 ä¸ªç›¸å…³æ–‡æ¡£
2025-06-28 19:51:42,826 - Backend_API - INFO - ç”Ÿæˆå“åº”å®Œæˆï¼Œé•¿åº¦: 194
2025-06-28 19:51:42,826 - werkzeug - INFO - 127.0.0.1 - - [28/Jun/2025 19:51:42] "POST /api/chat HTTP/1.1" 200 -
2025-06-28 19:51:59,367 - werkzeug - INFO - 127.0.0.1 - - [28/Jun/2025 19:51:59] "OPTIONS /api/chat HTTP/1.1" 200 -
2025-06-28 19:51:59,685 - Backend_API - INFO - æ”¶åˆ°ç”¨æˆ·æ¶ˆæ¯: å®ƒæœ‰ä»€ä¹ˆæ„ä¹‰å‘¢ï¼Ÿ...
2025-06-28 19:51:59,686 - Backend_API - INFO - å½“å‰å¯¹è¯å†å²åŒ…å« 4 æ¡æ¶ˆæ¯
2025-06-28 19:51:59,687 - RAG_Enhanced_Chat - INFO - å¯¹è¯å†å²é•¿åº¦: 225 å­—ç¬¦
2025-06-28 19:51:59,687 - RAG_Enhanced_Chat - INFO - ç®€çŸ­é—®é¢˜ï¼Œä½¿ç”¨æ‰©å±•æŸ¥è¯¢: å…¬å…±è‰ºæœ¯æ˜¯ä»€ä¹ˆï¼Ÿ å…¬å…±è‰ºæœ¯æ˜¯ä¸€ç§ä»¥å…¬ä¼—ä¸ºæœåŠ¡å¯¹è±¡çš„è‰ºæœ¯å½¢å¼ã€‚å®ƒä¸ä»…å…³æ³¨è‰ºæœ¯ä½œå“æœ¬èº«ï¼Œæ›´æ³¨é‡å…¶ä¸ç¤¾ä¼šã€æ–‡åŒ–ã€ç¯å¢ƒçš„äº’åŠ¨å…³ç³»ï¼Œæ—¨åœ¨é€šè¿‡è‰ºæœ¯æ‰‹æ®µæå‡å…¬ä¼—å®¡ç¾æ„è¯†ã€ä¿ƒè¿›æ–‡åŒ–äº¤æµå’Œç¤¾ä¼šå’Œè°å‘å±•ã€‚åœ¨é«˜æ ¡æ•™è‚²ä¸­ï¼Œå…¬å…±è‰ºæœ¯è¯¾ç¨‹ä½œä¸ºæ–°ç¾è‚²çš„é‡è¦ç»„æˆéƒ¨åˆ†ï¼Œå¯¹äºåŸ¹å…»å…·æœ‰é«˜å°šé“å¾·æƒ…æ“å’Œè‰¯å¥½å®¡ç¾èƒ½åŠ›çš„å¤§å­¦ç”Ÿå…·æœ‰é‡è¦æ„ä¹‰ã€‚ä¾‹å¦‚ï¼Œä¸€äº›é«˜æ ¡å¼€è®¾çš„å…¬å…±è‰ºæœ¯è¯¾ç¨‹ï¼Œå°±å°†æ¢…æ´›-åºè’‚çš„â€œèº«ä½“â€ç†è®ºèå…¥æ•™å­¦ï¼Œå¼ºè°ƒé€šè¿‡èº«ä½“ä½“éªŒæ¥æ·±åŒ–å­¦ç”Ÿçš„å®¡ç¾æ„Ÿå—ã€‚ å®ƒæœ‰ä»€ä¹ˆæ„ä¹‰å‘¢ï¼Ÿ  å®ƒæœ‰ä»€ä¹ˆæ„ä¹‰å‘¢ï¼Ÿ
2025-06-28 19:51:59,885 - RAG_Enhanced_Chat - INFO - æ£€ç´¢åˆ° 1 ä¸ªç›¸å…³æ–‡æ¡£
2025-06-28 19:52:10,906 - Backend_API - INFO - ç”Ÿæˆå“åº”å®Œæˆï¼Œé•¿åº¦: 194
2025-06-28 19:52:10,907 - werkzeug - INFO - 127.0.0.1 - - [28/Jun/2025 19:52:10] "POST /api/chat HTTP/1.1" 200 -
2025-06-28 19:52:25,720 - werkzeug - INFO - 127.0.0.1 - - [28/Jun/2025 19:52:25] "OPTIONS /api/chat HTTP/1.1" 200 -
2025-06-28 19:52:26,032 - Backend_API - INFO - æ”¶åˆ°ç”¨æˆ·æ¶ˆæ¯: æœ‰æ²¡æœ‰å…¶ä»–ç›¸å…³çš„è§‚ç‚¹...
2025-06-28 19:52:26,034 - Backend_API - INFO - å½“å‰å¯¹è¯å†å²åŒ…å« 6 æ¡æ¶ˆæ¯
2025-06-28 19:52:26,038 - RAG_Enhanced_Chat - INFO - å¯¹è¯å†å²é•¿åº¦: 439 å­—ç¬¦
2025-06-28 19:52:26,188 - RAG_Enhanced_Chat - INFO - æ£€ç´¢åˆ° 1 ä¸ªç›¸å…³æ–‡æ¡£
2025-06-28 19:52:31,015 - Backend_API - INFO - ç”Ÿæˆå“åº”å®Œæˆï¼Œé•¿åº¦: 9
2025-06-28 19:52:31,016 - werkzeug - INFO - 127.0.0.1 - - [28/Jun/2025 19:52:31] "POST /api/chat HTTP/1.1" 200 -
2025-06-28 19:52:42,585 - werkzeug - INFO - 127.0.0.1 - - [28/Jun/2025 19:52:42] "OPTIONS /api/chat HTTP/1.1" 200 -
2025-06-28 19:52:42,906 - Backend_API - INFO - æ”¶åˆ°ç”¨æˆ·æ¶ˆæ¯: æœ‰æ²¡æœ‰å…¶ä»–å…¬å…±è‰ºæœ¯ç›¸å…³çš„è§‚ç‚¹...
2025-06-28 19:52:42,907 - Backend_API - INFO - å½“å‰å¯¹è¯å†å²åŒ…å« 8 æ¡æ¶ˆæ¯
2025-06-28 19:52:42,909 - RAG_Enhanced_Chat - INFO - å¯¹è¯å†å²é•¿åº¦: 472 å­—ç¬¦
2025-06-28 19:52:43,035 - RAG_Enhanced_Chat - INFO - æ£€ç´¢åˆ° 1 ä¸ªç›¸å…³æ–‡æ¡£
2025-06-28 19:53:05,129 - Backend_API - INFO - ç”Ÿæˆå“åº”å®Œæˆï¼Œé•¿åº¦: 214
2025-06-28 19:53:05,131 - werkzeug - INFO - 127.0.0.1 - - [28/Jun/2025 19:53:05] "POST /api/chat HTTP/1.1" 200 -
2025-06-28 19:53:20,921 - werkzeug - INFO - 127.0.0.1 - - [28/Jun/2025 19:53:20] "OPTIONS /api/chat HTTP/1.1" 200 -
2025-06-28 19:53:21,233 - Backend_API - INFO - æ”¶åˆ°ç”¨æˆ·æ¶ˆæ¯: å…¬å…±è‰ºæœ¯æ˜¯ä»€ä¹ˆï¼Ÿ...
2025-06-28 19:53:21,234 - Backend_API - INFO - å½“å‰å¯¹è¯å†å²åŒ…å« 10 æ¡æ¶ˆæ¯
2025-06-28 19:53:21,235 - RAG_Enhanced_Chat - INFO - å¯¹è¯å†å²é•¿åº¦: 704 å­—ç¬¦
2025-06-28 19:53:21,235 - RAG_Enhanced_Chat - INFO - ç®€çŸ­é—®é¢˜ï¼Œä½¿ç”¨æ‰©å±•æŸ¥è¯¢: [|im end| æœ‰æ²¡æœ‰å…¶ä»–å…¬å…±è‰ºæœ¯ç›¸å…³çš„è§‚ç‚¹ é™¤äº†å‰é¢æåˆ°çš„å…¬å…±è‰ºæœ¯çš„æ„ä¹‰ï¼Œè¿˜æœ‰è§‚ç‚¹æŒ‡å‡ºå…¬å…±è‰ºæœ¯åœ¨é«˜æ ¡æ•™è‚²ä¸­çš„é‡è¦æ€§ã€‚å®ƒä¸ä»…æ˜¯è‰ºæœ¯æ•™è‚²çš„ä¸€éƒ¨åˆ†ï¼Œæ›´æ˜¯æ–°ç¾è‚²çš„é‡è¦è½½ä½“ã€‚é€šè¿‡å…¬å…±è‰ºæœ¯è¯¾ç¨‹ï¼Œå­¦ç”Ÿèƒ½å¤Ÿæ¥è§¦åˆ°å¤šå…ƒåŒ–çš„è‰ºæœ¯å½¢å¼ï¼Œæ‹“å®½è§†é‡ï¼Œæé«˜å®¡ç¾èƒ½åŠ›ã€‚æ­¤å¤–ï¼Œå…¬å…±è‰ºæœ¯è¿˜èƒ½å¤Ÿä¿ƒè¿›æ ¡å›­æ–‡åŒ–å»ºè®¾ï¼Œå¢å¼ºå¸ˆç”Ÿçš„æ–‡åŒ–è®¤åŒæ„Ÿå’Œå½’å±æ„Ÿã€‚ä¾‹å¦‚ï¼Œåœ¨ä¸€äº›é«˜æ ¡ï¼Œå…¬å…±è‰ºæœ¯è¯¾ç¨‹è¢«ç”¨æ¥å¼€å±•å„ç§è‰ºæœ¯å®è·µæ´»åŠ¨ï¼Œå¦‚éŸ³ä¹ä¼šã€å±•è§ˆç­‰ï¼Œä¸ºå­¦ç”Ÿæä¾›äº†ä¸°å¯Œçš„æ–‡åŒ–ä½“éªŒã€‚è¿™äº›æ´»åŠ¨ä¸ä»…æå‡äº†å­¦ç”Ÿçš„è‰ºæœ¯ç´ å…»ï¼Œä¹Ÿä¿ƒè¿›äº†æ ¡å›­æ–‡åŒ–çš„ç¹è£å‘å±•ã€‚ å…¬å…±è‰ºæœ¯æ˜¯ä»€ä¹ˆï¼Ÿ  å…¬å…±è‰ºæœ¯æ˜¯ä»€ä¹ˆï¼Ÿ
2025-06-28 19:53:21,418 - RAG_Enhanced_Chat - INFO - æ£€ç´¢åˆ° 1 ä¸ªç›¸å…³æ–‡æ¡£
2025-06-28 19:53:33,064 - Backend_API - INFO - ç”Ÿæˆå“åº”å®Œæˆï¼Œé•¿åº¦: 183
2025-06-28 19:53:33,065 - werkzeug - INFO - 127.0.0.1 - - [28/Jun/2025 19:53:33] "POST /api/chat HTTP/1.1" 200 -
2025-06-28 19:56:42,549 - Startup - INFO - æ­£åœ¨å¯åŠ¨å…¬å…±è‰ºæœ¯RAGåç«¯æœåŠ¡...
2025-06-28 19:56:42,550 - Startup - INFO - æ‰€æœ‰ä¾èµ–æ£€æŸ¥é€šè¿‡
2025-06-28 19:56:45,864 - Backend_API - INFO - æ­£åœ¨åˆå§‹åŒ–åç«¯ç³»ç»Ÿ...
2025-06-28 19:56:46,012 - RAG_Enhanced_Chat - INFO - Ollamaæ¨¡å‹ 'deepseek-r1:1.5b' å·²å®‰è£…
2025-06-28 19:56:46,013 - RAG_Enhanced_Chat - INFO - æ­£åœ¨åŠ è½½åµŒå…¥æ¨¡å‹å’Œå‘é‡æ•°æ®åº“...
2025-06-28 19:56:46,286 - chromadb.telemetry.product.posthog - INFO - Anonymized telemetry enabled. See                     https://docs.trychroma.com/telemetry for more information.
2025-06-28 19:56:46,361 - RAG_Enhanced_Chat - INFO - å‘é‡æ•°æ®åº“åŠ è½½æˆåŠŸï¼ŒåŒ…å« 5403 ä¸ªæ–‡æ¡£
2025-06-28 19:56:46,361 - RAG_Enhanced_Chat - INFO - æ­£åœ¨åŠ è½½å¾®è°ƒæ¨¡å‹: C:/Users/Lenovo/Desktop/å¾®è°ƒå¤§æ¨¡å‹/qwen-rag-lora/models/Qwen3-8B-optimized
2025-06-28 19:56:46,484 - RAG_Enhanced_Chat - INFO - åŸºç¡€æ¨¡å‹è·¯å¾„: C:/Users/Lenovo/Desktop/å¾®è°ƒå¤§æ¨¡å‹/qwen-rag-lora/models/Qwen3-8B
2025-06-28 19:56:47,957 - accelerate.utils.modeling - INFO - We will use 90% of the memory on device 0 for storing the model, and 10% for the buffer to avoid OOM. You can set `max_memory` in to a higher value to use more memory (at your own risk).
2025-06-28 19:56:55,095 - RAG_Enhanced_Chat - INFO - æ­£åœ¨åŠ è½½LoRAé€‚é…å™¨...
2025-06-28 19:56:55,675 - RAG_Enhanced_Chat - INFO - LoRAé€‚é…å™¨åŠ è½½å®Œæˆ
2025-06-28 19:56:55,679 - RAG_Enhanced_Chat - INFO - æ¨¡å‹åŠ è½½å®Œæˆï¼Œä½¿ç”¨çš„è®¾å¤‡: cuda:0
2025-06-28 19:56:55,679 - Backend_API - INFO - åç«¯ç³»ç»Ÿåˆå§‹åŒ–å®Œæˆ
2025-06-28 19:56:55,679 - Startup - INFO - åç«¯æœåŠ¡å¯åŠ¨æˆåŠŸ
2025-06-28 19:56:55,679 - Startup - INFO - æœåŠ¡åœ°å€: http://localhost:5000
2025-06-28 19:56:55,679 - Startup - INFO - APIæ–‡æ¡£:
2025-06-28 19:56:55,679 - Startup - INFO -   - POST /api/chat - èŠå¤©æ¥å£
2025-06-28 19:56:55,679 - Startup - INFO -   - GET  /api/health - å¥åº·æ£€æŸ¥
2025-06-28 19:56:55,679 - Startup - INFO -   - POST /api/clear-history - æ¸…ç©ºå†å²
2025-06-28 19:56:55,679 - Startup - INFO -   - GET  /api/history - è·å–å†å²
2025-06-28 19:56:56,959 - werkzeug - INFO - [31m[1mWARNING: This is a development server. Do not use it in a production deployment. Use a production WSGI server instead.[0m
 * Running on all addresses (0.0.0.0)
 * Running on http://127.0.0.1:5000
 * Running on http://10.203.168.35:5000
2025-06-28 19:56:56,959 - werkzeug - INFO - [33mPress CTRL+C to quit[0m
2025-06-28 19:57:31,988 - werkzeug - INFO - 127.0.0.1 - - [28/Jun/2025 19:57:31] "OPTIONS /api/chat HTTP/1.1" 200 -
2025-06-28 19:57:32,251 - Backend_API - INFO - æ”¶åˆ°ç”¨æˆ·æ¶ˆæ¯: å…¬å…±è‰ºæœ¯æ˜¯ä»€ä¹ˆï¼Ÿ...
2025-06-28 19:57:32,253 - Backend_API - INFO - å½“å‰å¯¹è¯å†å²åŒ…å« 2 æ¡æ¶ˆæ¯
2025-06-28 19:57:32,254 - RAG_Enhanced_Chat - INFO - å¯¹è¯å†å²é•¿åº¦: 13 å­—ç¬¦
2025-06-28 19:57:32,255 - RAG_Enhanced_Chat - INFO - ç®€çŸ­é—®é¢˜ï¼Œä½¿ç”¨æ‰©å±•æŸ¥è¯¢: å…¬å…±è‰ºæœ¯æ˜¯ä»€ä¹ˆï¼Ÿ  å…¬å…±è‰ºæœ¯æ˜¯ä»€ä¹ˆï¼Ÿ
2025-06-28 19:57:32,412 - RAG_Enhanced_Chat - INFO - æ£€ç´¢åˆ° 1 ä¸ªç›¸å…³æ–‡æ¡£
2025-06-28 19:57:55,465 - Backend_API - INFO - ç”Ÿæˆå“åº”å®Œæˆï¼Œé•¿åº¦: 286
2025-06-28 19:57:55,466 - Backend_API - INFO - å½“å‰å†å²è®°å½•: 2 æ¡æ¶ˆæ¯
2025-06-28 19:57:55,466 - werkzeug - INFO - 127.0.0.1 - - [28/Jun/2025 19:57:55] "POST /api/chat HTTP/1.1" 200 -
2025-06-28 20:00:30,828 - werkzeug - INFO - 127.0.0.1 - - [28/Jun/2025 20:00:30] "OPTIONS /api/chat HTTP/1.1" 200 -
2025-06-28 20:00:31,086 - Backend_API - INFO - æ”¶åˆ°ç”¨æˆ·æ¶ˆæ¯: å®ƒæœ‰ä»€ä¹ˆæ„ä¹‰å‘¢ï¼Ÿ...
2025-06-28 20:00:31,086 - Backend_API - INFO - å½“å‰å¯¹è¯å†å²åŒ…å« 4 æ¡æ¶ˆæ¯
2025-06-28 20:00:31,089 - RAG_Enhanced_Chat - INFO - å¯¹è¯å†å²é•¿åº¦: 317 å­—ç¬¦
2025-06-28 20:00:31,090 - RAG_Enhanced_Chat - INFO - ç®€çŸ­é—®é¢˜ï¼Œä½¿ç”¨æ‰©å±•æŸ¥è¯¢: å…¬å…±è‰ºæœ¯æ˜¯ä»€ä¹ˆï¼Ÿ å…¬å…±è‰ºæœ¯æ˜¯ä¸€ç§ä»¥ç¤¾ä¼šå…¬ä¼—ä¸ºä¸»è¦æœåŠ¡å¯¹è±¡çš„è‰ºæœ¯å½¢å¼ï¼Œå®ƒé€šè¿‡å„ç§åª’ä»‹å’Œæ‰‹æ®µåœ¨å…¬å…±åœºæ‰€è¿›è¡Œåˆ›ä½œï¼Œæ—¨åœ¨æå‡äººä»¬çš„ç”Ÿæ´»å“è´¨å’Œå®¡ç¾ä½“éªŒã€‚å®ƒä¸ä»…å…³æ³¨è‰ºæœ¯æœ¬èº«çš„ç¾æ„Ÿï¼Œæ›´æ³¨é‡ä¸ç¤¾ä¼šã€æ–‡åŒ–ã€ç¯å¢ƒç­‰æ–¹é¢çš„äº’åŠ¨ä¸èåˆã€‚å…¬å…±è‰ºæœ¯ä½œå“é€šå¸¸å…·æœ‰è¾ƒå¼ºçš„å…¬å…±æ€§å’Œå‚ä¸æ€§ï¼Œèƒ½å¤Ÿå¼•å‘å…¬ä¼—å¯¹ç¤¾ä¼šé—®é¢˜çš„å…³æ³¨å’Œæ€è€ƒï¼Œä¿ƒè¿›ç¤¾ä¼šå’Œè°ä¸è¿›æ­¥ã€‚åœ¨å…¬å…±è‰ºæœ¯çš„åˆ›ä½œè¿‡ç¨‹ä¸­ï¼Œè‰ºæœ¯å®¶éœ€è¦å……åˆ†è€ƒè™‘ä½œå“æ‰€å¤„çš„ç¯å¢ƒå’Œç¤¾ä¼šèƒŒæ™¯ï¼Œä»¥å®ç°è‰ºæœ¯ä¸ç¤¾ä¼šçš„æœ‰æœºç»Ÿä¸€ã€‚æ­¤å¤–ï¼Œå…¬å…±è‰ºæœ¯è¿˜æ‰¿æ‹…ç€æ–‡åŒ–ä¼ æ’­å’Œæ•™è‚²çš„åŠŸèƒ½ï¼Œèƒ½å¤Ÿå‘å…¬ä¼—ä¼ é€’æœ‰ä»·å€¼çš„æ–‡åŒ–ä¿¡æ¯å’Œç†å¿µã€‚ä¾‹å¦‚ï¼Œä¸€äº›åŸå¸‚å¹¿åœºä¸Šçš„é›•å¡‘ä½œå“ï¼Œæ—¢æ˜¯ç¾ä¸½çš„è‰ºæœ¯å“ï¼Œä¹Ÿæ˜¯åŸå¸‚æ–‡åŒ–çš„è±¡å¾ï¼Œä½“ç°äº†å…¬å…±è‰ºæœ¯çš„ç¤¾ä¼šä»·å€¼å’Œæ„ä¹‰ã€‚ å®ƒæœ‰ä»€ä¹ˆæ„ä¹‰å‘¢ï¼Ÿ  å®ƒæœ‰ä»€ä¹ˆæ„ä¹‰å‘¢ï¼Ÿ
2025-06-28 20:00:31,217 - RAG_Enhanced_Chat - INFO - æ£€ç´¢åˆ° 1 ä¸ªç›¸å…³æ–‡æ¡£
2025-06-28 20:00:49,496 - Backend_API - INFO - ç”Ÿæˆå“åº”å®Œæˆï¼Œé•¿åº¦: 197
2025-06-28 20:00:49,497 - Backend_API - INFO - å½“å‰å†å²è®°å½•: 4 æ¡æ¶ˆæ¯
2025-06-28 20:00:49,498 - werkzeug - INFO - 127.0.0.1 - - [28/Jun/2025 20:00:49] "POST /api/chat HTTP/1.1" 200 -
2025-06-28 20:01:05,591 - werkzeug - INFO - 127.0.0.1 - - [28/Jun/2025 20:01:05] "OPTIONS /api/chat HTTP/1.1" 200 -
2025-06-28 20:01:05,901 - Backend_API - INFO - æ”¶åˆ°ç”¨æˆ·æ¶ˆæ¯: æœ‰æ²¡æœ‰ç›¸å…³çš„æ–‡çŒ®è§‚ç‚¹...
2025-06-28 20:01:05,902 - Backend_API - INFO - å½“å‰å¯¹è¯å†å²åŒ…å« 6 æ¡æ¶ˆæ¯
2025-06-28 20:01:05,903 - RAG_Enhanced_Chat - INFO - å¯¹è¯å†å²é•¿åº¦: 534 å­—ç¬¦
2025-06-28 20:01:06,007 - RAG_Enhanced_Chat - INFO - æ£€ç´¢åˆ° 1 ä¸ªç›¸å…³æ–‡æ¡£
2025-06-28 20:01:23,073 - Backend_API - INFO - ç”Ÿæˆå“åº”å®Œæˆï¼Œé•¿åº¦: 0
2025-06-28 20:01:23,074 - Backend_API - INFO - å½“å‰å†å²è®°å½•: 6 æ¡æ¶ˆæ¯
2025-06-28 20:01:23,076 - werkzeug - INFO - 127.0.0.1 - - [28/Jun/2025 20:01:23] "POST /api/chat HTTP/1.1" 200 -
2025-06-28 20:01:38,425 - werkzeug - INFO - 127.0.0.1 - - [28/Jun/2025 20:01:38] "OPTIONS /api/chat HTTP/1.1" 200 -
2025-06-28 20:01:38,742 - Backend_API - INFO - æ”¶åˆ°ç”¨æˆ·æ¶ˆæ¯: æœ‰æ²¡æœ‰å…¬å…±è‰ºæœ¯ç›¸å…³çš„æ–‡çŒ®è§‚ç‚¹...
2025-06-28 20:01:38,745 - Backend_API - INFO - å½“å‰å¯¹è¯å†å²åŒ…å« 8 æ¡æ¶ˆæ¯
2025-06-28 20:01:38,745 - RAG_Enhanced_Chat - INFO - å¯¹è¯å†å²é•¿åº¦: 558 å­—ç¬¦
2025-06-28 20:01:38,848 - RAG_Enhanced_Chat - INFO - æ£€ç´¢åˆ° 1 ä¸ªç›¸å…³æ–‡æ¡£
2025-06-28 20:01:54,903 - Backend_API - INFO - ç”Ÿæˆå“åº”å®Œæˆï¼Œé•¿åº¦: 197
2025-06-28 20:01:54,904 - Backend_API - INFO - å½“å‰å†å²è®°å½•: 8 æ¡æ¶ˆæ¯
2025-06-28 20:01:54,904 - werkzeug - INFO - 127.0.0.1 - - [28/Jun/2025 20:01:54] "POST /api/chat HTTP/1.1" 200 -
2025-06-28 20:07:14,256 - Startup - INFO - æ­£åœ¨å¯åŠ¨å…¬å…±è‰ºæœ¯RAGåç«¯æœåŠ¡...
2025-06-28 20:07:14,257 - Startup - INFO - æ‰€æœ‰ä¾èµ–æ£€æŸ¥é€šè¿‡
2025-06-28 20:07:17,526 - Backend_API - INFO - æ­£åœ¨åˆå§‹åŒ–åç«¯ç³»ç»Ÿ...
2025-06-28 20:07:17,619 - RAG_Enhanced_Chat - INFO - Ollamaæ¨¡å‹ 'deepseek-r1:1.5b' å·²å®‰è£…
2025-06-28 20:07:17,619 - RAG_Enhanced_Chat - INFO - æ­£åœ¨åŠ è½½åµŒå…¥æ¨¡å‹å’Œå‘é‡æ•°æ®åº“...
2025-06-28 20:07:17,888 - chromadb.telemetry.product.posthog - INFO - Anonymized telemetry enabled. See                     https://docs.trychroma.com/telemetry for more information.
2025-06-28 20:07:17,980 - RAG_Enhanced_Chat - INFO - å‘é‡æ•°æ®åº“åŠ è½½æˆåŠŸï¼ŒåŒ…å« 5403 ä¸ªæ–‡æ¡£
2025-06-28 20:07:17,980 - RAG_Enhanced_Chat - INFO - æ­£åœ¨åŠ è½½å¾®è°ƒæ¨¡å‹: C:/Users/Lenovo/Desktop/å¾®è°ƒå¤§æ¨¡å‹/qwen-rag-lora/models/Qwen3-8B-optimized
2025-06-28 20:07:18,100 - RAG_Enhanced_Chat - INFO - åŸºç¡€æ¨¡å‹è·¯å¾„: C:/Users/Lenovo/Desktop/å¾®è°ƒå¤§æ¨¡å‹/qwen-rag-lora/models/Qwen3-8B
2025-06-28 20:07:19,545 - accelerate.utils.modeling - INFO - We will use 90% of the memory on device 0 for storing the model, and 10% for the buffer to avoid OOM. You can set `max_memory` in to a higher value to use more memory (at your own risk).
2025-06-28 20:07:31,223 - RAG_Enhanced_Chat - INFO - æ­£åœ¨åŠ è½½LoRAé€‚é…å™¨...
2025-06-28 20:07:31,806 - RAG_Enhanced_Chat - INFO - LoRAé€‚é…å™¨åŠ è½½å®Œæˆ
2025-06-28 20:07:31,809 - RAG_Enhanced_Chat - INFO - æ¨¡å‹åŠ è½½å®Œæˆï¼Œä½¿ç”¨çš„è®¾å¤‡: cuda:0
2025-06-28 20:07:31,810 - Backend_API - INFO - åç«¯ç³»ç»Ÿåˆå§‹åŒ–å®Œæˆ
2025-06-28 20:07:31,810 - Startup - INFO - åç«¯æœåŠ¡å¯åŠ¨æˆåŠŸ
2025-06-28 20:07:31,810 - Startup - INFO - æœåŠ¡åœ°å€: http://localhost:5000
2025-06-28 20:07:31,810 - Startup - INFO - APIæ–‡æ¡£:
2025-06-28 20:07:31,810 - Startup - INFO -   - POST /api/chat - èŠå¤©æ¥å£
2025-06-28 20:07:31,810 - Startup - INFO -   - GET  /api/health - å¥åº·æ£€æŸ¥
2025-06-28 20:07:31,810 - Startup - INFO -   - POST /api/clear-history - æ¸…ç©ºå†å²
2025-06-28 20:07:31,810 - Startup - INFO -   - GET  /api/history - è·å–å†å²
2025-06-28 20:07:33,078 - werkzeug - INFO - [31m[1mWARNING: This is a development server. Do not use it in a production deployment. Use a production WSGI server instead.[0m
 * Running on all addresses (0.0.0.0)
 * Running on http://127.0.0.1:5000
 * Running on http://10.203.168.35:5000
2025-06-28 20:07:33,078 - werkzeug - INFO - [33mPress CTRL+C to quit[0m
2025-06-28 20:07:51,015 - werkzeug - INFO - 127.0.0.1 - - [28/Jun/2025 20:07:51] "OPTIONS /api/chat HTTP/1.1" 200 -
2025-06-28 20:07:51,261 - Backend_API - INFO - æ”¶åˆ°ç”¨æˆ·æ¶ˆæ¯: å…¬å…±è‰ºæœ¯æ˜¯ä»€ä¹ˆï¼Ÿ...
2025-06-28 20:07:51,261 - Backend_API - INFO - å½“å‰å¯¹è¯å†å²åŒ…å« 2 æ¡æ¶ˆæ¯
2025-06-28 20:07:51,262 - RAG_Enhanced_Chat - INFO - å¯¹è¯å†å²é•¿åº¦: 13 å­—ç¬¦
2025-06-28 20:07:51,263 - RAG_Enhanced_Chat - INFO - ç®€çŸ­é—®é¢˜ï¼Œä½¿ç”¨æ‰©å±•æŸ¥è¯¢: å…¬å…±è‰ºæœ¯æ˜¯ä»€ä¹ˆï¼Ÿ  å…¬å…±è‰ºæœ¯æ˜¯ä»€ä¹ˆï¼Ÿ
2025-06-28 20:07:52,695 - RAG_Enhanced_Chat - INFO - æ£€ç´¢åˆ° 1 ä¸ªç›¸å…³æ–‡æ¡£
2025-06-28 20:08:05,222 - Backend_API - INFO - ç”Ÿæˆå“åº”å®Œæˆï¼Œé•¿åº¦: 204
2025-06-28 20:08:05,223 - Backend_API - INFO - å½“å‰å†å²è®°å½•: 2 æ¡æ¶ˆæ¯
2025-06-28 20:08:05,224 - werkzeug - INFO - 127.0.0.1 - - [28/Jun/2025 20:08:05] "POST /api/chat HTTP/1.1" 200 -
2025-06-28 20:08:26,568 - werkzeug - INFO - 127.0.0.1 - - [28/Jun/2025 20:08:26] "OPTIONS /api/chat HTTP/1.1" 200 -
2025-06-28 20:08:26,886 - Backend_API - INFO - æ”¶åˆ°ç”¨æˆ·æ¶ˆæ¯: å®ƒæœ‰ä»€ä¹ˆæ„ä¹‰å‘¢ï¼Ÿ...
2025-06-28 20:08:26,888 - Backend_API - INFO - å½“å‰å¯¹è¯å†å²åŒ…å« 4 æ¡æ¶ˆæ¯
2025-06-28 20:08:26,890 - RAG_Enhanced_Chat - INFO - å¯¹è¯å†å²é•¿åº¦: 235 å­—ç¬¦
2025-06-28 20:08:26,890 - RAG_Enhanced_Chat - INFO - ç®€çŸ­é—®é¢˜ï¼Œä½¿ç”¨æ‰©å±•æŸ¥è¯¢: å…¬å…±è‰ºæœ¯æ˜¯ä»€ä¹ˆï¼Ÿ å…¬å…±è‰ºæœ¯æ˜¯ä¸€ç§èåˆäº†ç¾å­¦ã€ç¤¾ä¼šå­¦å’Œæ–‡åŒ–å­¦ç­‰å¤šå­¦ç§‘å…ƒç´ çš„è‰ºæœ¯å½¢å¼ã€‚å®ƒä¸ä»…å…³æ³¨è‰ºæœ¯ä½œå“æœ¬èº«ï¼Œæ›´æ³¨é‡å…¶ä¸ç¤¾ä¼šç¯å¢ƒçš„äº’åŠ¨å…³ç³»ã€‚æ ¹æ®ã€Šç¤¾ä¼šè‰ºæœ¯â€”â€”å…¬å…±è‰ºæœ¯å‘å±•çš„å¦ä¸€ç§å¯èƒ½ã€‹ä¸­çš„è®ºè¿°ï¼Œå…¬å…±è‰ºæœ¯èƒ½å¤Ÿæ¿€å‘å…¬ä¼—å¯¹è‰ºæœ¯çš„å…´è¶£å’Œå‚ä¸åº¦ï¼Œä¿ƒè¿›ç¤¾ä¼šæ–‡åŒ–çš„äº¤æµå’Œå‘å±•ã€‚æ­¤å¤–ï¼Œåœ¨ã€Šé«˜æ ¡å…¬å…±è‰ºæœ¯è¯¾ç¨‹ï¼šå¤§å­¦ç”Ÿæ–°ç¾è‚²çš„ä»·å€¼å®ç°ã€‹ä¸€æ–‡ä¸­æåˆ°ï¼Œå…¬å…±è‰ºæœ¯è¿˜æ‰¿æ‹…ç€æå‡äººä»¬å®¡ç¾èƒ½åŠ›å’Œé“å¾·ç´ å…»çš„é‡è¦ä»»åŠ¡ã€‚ç»¼ä¸Šæ‰€è¿°ï¼Œå…¬å…±è‰ºæœ¯åœ¨ç°ä»£ç¤¾ä¼šå…·æœ‰é‡è¦çš„åœ°ä½å’Œä½œç”¨ã€‚ å®ƒæœ‰ä»€ä¹ˆæ„ä¹‰å‘¢ï¼Ÿ  å®ƒæœ‰ä»€ä¹ˆæ„ä¹‰å‘¢ï¼Ÿ
2025-06-28 20:08:27,037 - RAG_Enhanced_Chat - INFO - æ£€ç´¢åˆ° 1 ä¸ªç›¸å…³æ–‡æ¡£
2025-06-28 20:08:44,584 - Backend_API - INFO - ç”Ÿæˆå“åº”å®Œæˆï¼Œé•¿åº¦: 221
2025-06-28 20:08:44,585 - Backend_API - INFO - å½“å‰å†å²è®°å½•: 4 æ¡æ¶ˆæ¯
2025-06-28 20:08:44,586 - werkzeug - INFO - 127.0.0.1 - - [28/Jun/2025 20:08:44] "POST /api/chat HTTP/1.1" 200 -
2025-06-28 20:13:02,448 - Startup - INFO - æ­£åœ¨å¯åŠ¨å…¬å…±è‰ºæœ¯RAGåç«¯æœåŠ¡...
2025-06-28 20:13:02,448 - Startup - INFO - æ‰€æœ‰ä¾èµ–æ£€æŸ¥é€šè¿‡
2025-06-28 20:13:05,755 - Backend_API - INFO - æ­£åœ¨åˆå§‹åŒ–åç«¯ç³»ç»Ÿ...
2025-06-28 20:13:05,883 - RAG_Enhanced_Chat - INFO - Ollamaæ¨¡å‹ 'deepseek-r1:1.5b' å·²å®‰è£…
2025-06-28 20:13:05,884 - RAG_Enhanced_Chat - INFO - æ­£åœ¨åŠ è½½åµŒå…¥æ¨¡å‹å’Œå‘é‡æ•°æ®åº“...
2025-06-28 20:13:06,147 - chromadb.telemetry.product.posthog - INFO - Anonymized telemetry enabled. See                     https://docs.trychroma.com/telemetry for more information.
2025-06-28 20:13:06,260 - RAG_Enhanced_Chat - INFO - å‘é‡æ•°æ®åº“åŠ è½½æˆåŠŸï¼ŒåŒ…å« 5403 ä¸ªæ–‡æ¡£
2025-06-28 20:13:06,261 - RAG_Enhanced_Chat - INFO - æ­£åœ¨åŠ è½½å¾®è°ƒæ¨¡å‹: C:/Users/Lenovo/Desktop/å¾®è°ƒå¤§æ¨¡å‹/qwen-rag-lora/models/Qwen3-8B-optimized
2025-06-28 20:13:06,382 - RAG_Enhanced_Chat - INFO - åŸºç¡€æ¨¡å‹è·¯å¾„: C:/Users/Lenovo/Desktop/å¾®è°ƒå¤§æ¨¡å‹/qwen-rag-lora/models/Qwen3-8B
2025-06-28 20:13:07,812 - accelerate.utils.modeling - INFO - We will use 90% of the memory on device 0 for storing the model, and 10% for the buffer to avoid OOM. You can set `max_memory` in to a higher value to use more memory (at your own risk).
2025-06-28 20:13:15,123 - RAG_Enhanced_Chat - INFO - æ­£åœ¨åŠ è½½LoRAé€‚é…å™¨...
2025-06-28 20:13:15,704 - RAG_Enhanced_Chat - INFO - LoRAé€‚é…å™¨åŠ è½½å®Œæˆ
2025-06-28 20:13:15,707 - RAG_Enhanced_Chat - INFO - æ¨¡å‹åŠ è½½å®Œæˆï¼Œä½¿ç”¨çš„è®¾å¤‡: cuda:0
2025-06-28 20:13:15,707 - Backend_API - INFO - åç«¯ç³»ç»Ÿåˆå§‹åŒ–å®Œæˆ
2025-06-28 20:13:15,707 - Startup - INFO - åç«¯æœåŠ¡å¯åŠ¨æˆåŠŸ
2025-06-28 20:13:15,707 - Startup - INFO - æœåŠ¡åœ°å€: http://localhost:5000
2025-06-28 20:13:15,707 - Startup - INFO - APIæ–‡æ¡£:
2025-06-28 20:13:15,707 - Startup - INFO -   - POST /api/chat - èŠå¤©æ¥å£
2025-06-28 20:13:15,707 - Startup - INFO -   - GET  /api/health - å¥åº·æ£€æŸ¥
2025-06-28 20:13:15,707 - Startup - INFO -   - POST /api/clear-history - æ¸…ç©ºå†å²
2025-06-28 20:13:15,708 - Startup - INFO -   - GET  /api/history - è·å–å†å²
2025-06-28 20:13:16,974 - werkzeug - INFO - [31m[1mWARNING: This is a development server. Do not use it in a production deployment. Use a production WSGI server instead.[0m
 * Running on all addresses (0.0.0.0)
 * Running on http://127.0.0.1:5000
 * Running on http://10.203.168.35:5000
2025-06-28 20:13:16,975 - werkzeug - INFO - [33mPress CTRL+C to quit[0m
2025-06-28 20:13:43,399 - werkzeug - INFO - 127.0.0.1 - - [28/Jun/2025 20:13:43] "OPTIONS /api/chat HTTP/1.1" 200 -
2025-06-28 20:13:43,664 - Backend_API - INFO - æ”¶åˆ°ç”¨æˆ·æ¶ˆæ¯: å…¬å…±è‰ºæœ¯çš„åˆ†ç±»...
2025-06-28 20:13:43,665 - Backend_API - INFO - å½“å‰å¯¹è¯å†å²åŒ…å« 2 æ¡æ¶ˆæ¯
2025-06-28 20:13:43,668 - RAG_Enhanced_Chat - INFO - å¯¹è¯å†å²é•¿åº¦: 12 å­—ç¬¦
2025-06-28 20:13:43,669 - RAG_Enhanced_Chat - INFO - ç®€çŸ­é—®é¢˜ï¼Œä½¿ç”¨æ‰©å±•æŸ¥è¯¢: å…¬å…±è‰ºæœ¯çš„åˆ†ç±»  å…¬å…±è‰ºæœ¯çš„åˆ†ç±»
2025-06-28 20:13:45,034 - RAG_Enhanced_Chat - INFO - æ£€ç´¢åˆ° 1 ä¸ªç›¸å…³æ–‡æ¡£
2025-06-28 20:13:56,692 - Backend_API - INFO - ç”Ÿæˆå“åº”å®Œæˆï¼Œé•¿åº¦: 212
2025-06-28 20:13:56,694 - Backend_API - INFO - å½“å‰å†å²è®°å½•: 2 æ¡æ¶ˆæ¯
2025-06-28 20:13:56,694 - werkzeug - INFO - 127.0.0.1 - - [28/Jun/2025 20:13:56] "POST /api/chat HTTP/1.1" 200 -
